2025-02-01T00:23:53.661-05:00  INFO 29116 --- [budgetmanagementapi] [File Watcher] rtingClassPathChangeChangedEventListener : Restarting due to 1 class path change (0 additions, 0 deletions, 1 modification)
2025-02-01T00:23:53.703-05:00  INFO 29116 --- [budgetmanagementapi] [Thread-5] o.s.b.w.e.tomcat.GracefulShutdown        : Commencing graceful shutdown. Waiting for active requests to complete
2025-02-01T00:23:53.731-05:00  INFO 29116 --- [budgetmanagementapi] [tomcat-shutdown] o.s.b.w.e.tomcat.GracefulShutdown        : Graceful shutdown complete
2025-02-01T00:23:53.741-05:00  INFO 29116 --- [budgetmanagementapi] [Thread-5] j.LocalContainerEntityManagerFactoryBean : Closing JPA EntityManagerFactory for persistence unit 'default'
2025-02-01T00:23:53.785-05:00  WARN 29116 --- [budgetmanagementapi] [Thread-5] o.s.b.f.support.DisposableBeanAdapter    : Invocation of destroy method failed on bean with name 'inMemoryDatabaseShutdownExecutor': org.h2.jdbc.JdbcSQLNonTransientConnectionException: Database is already closed (to disable automatic closing at VM shutdown, add ";DB_CLOSE_ON_EXIT=FALSE" to the db URL) [90121-232]
2025-02-01T00:23:53.786-05:00  INFO 29116 --- [budgetmanagementapi] [Thread-5] com.zaxxer.hikari.HikariDataSource       : HikariPool-1 - Shutdown initiated...
2025-02-01T00:23:53.797-05:00  INFO 29116 --- [budgetmanagementapi] [Thread-5] com.zaxxer.hikari.HikariDataSource       : HikariPool-1 - Shutdown completed.
2025-02-01T00:23:54.000-05:00  INFO 29116 --- [budgetmanagementapi] [restartedMain] c.v.b.BudgetmanagementapiApplication     : Starting BudgetmanagementapiApplication using Java 21.0.1 with PID 29116 (C:\Software Development Vanier 2024\Transactional Web Applications\budgetmanagementapi\target\classes started by uribe in C:\Software Development Vanier 2024\Transactional Web Applications\budgetmanagementapi)
2025-02-01T00:23:54.000-05:00  INFO 29116 --- [budgetmanagementapi] [restartedMain] c.v.b.BudgetmanagementapiApplication     : No active profile set, falling back to 1 default profile: "default"
2025-02-01T00:23:54.276-05:00  INFO 29116 --- [budgetmanagementapi] [restartedMain] .s.d.r.c.RepositoryConfigurationDelegate : Bootstrapping Spring Data JPA repositories in DEFAULT mode.
2025-02-01T00:23:54.301-05:00  INFO 29116 --- [budgetmanagementapi] [restartedMain] .s.d.r.c.RepositoryConfigurationDelegate : Finished Spring Data repository scanning in 22 ms. Found 4 JPA repository interfaces.
2025-02-01T00:23:54.493-05:00  INFO 29116 --- [budgetmanagementapi] [restartedMain] o.s.b.w.embedded.tomcat.TomcatWebServer  : Tomcat initialized with port 8080 (http)
2025-02-01T00:23:54.496-05:00  INFO 29116 --- [budgetmanagementapi] [restartedMain] o.apache.catalina.core.StandardService   : Starting service [Tomcat]
2025-02-01T00:23:54.496-05:00  INFO 29116 --- [budgetmanagementapi] [restartedMain] o.apache.catalina.core.StandardEngine    : Starting Servlet engine: [Apache Tomcat/10.1.34]
2025-02-01T00:23:54.517-05:00  INFO 29116 --- [budgetmanagementapi] [restartedMain] o.a.c.c.C.[Tomcat].[localhost].[/]       : Initializing Spring embedded WebApplicationContext
2025-02-01T00:23:54.517-05:00  INFO 29116 --- [budgetmanagementapi] [restartedMain] w.s.c.ServletWebServerApplicationContext : Root WebApplicationContext: initialization completed in 517 ms
2025-02-01T00:23:54.588-05:00  INFO 29116 --- [budgetmanagementapi] [restartedMain] o.hibernate.jpa.internal.util.LogHelper  : HHH000204: Processing PersistenceUnitInfo [name: default]
2025-02-01T00:23:54.594-05:00  INFO 29116 --- [budgetmanagementapi] [restartedMain] o.h.c.internal.RegionFactoryInitiator    : HHH000026: Second-level cache disabled
2025-02-01T00:23:54.594-05:00  INFO 29116 --- [budgetmanagementapi] [restartedMain] o.s.o.j.p.SpringPersistenceUnitInfo      : No LoadTimeWeaver setup: ignoring JPA class transformer
2025-02-01T00:23:54.594-05:00  INFO 29116 --- [budgetmanagementapi] [restartedMain] com.zaxxer.hikari.HikariDataSource       : HikariPool-2 - Starting...
2025-02-01T00:23:54.611-05:00  INFO 29116 --- [budgetmanagementapi] [restartedMain] com.zaxxer.hikari.pool.HikariPool        : HikariPool-2 - Added connection conn40: url=jdbc:h2:mem:BudgetManagementAPI user=ADMIN
2025-02-01T00:23:54.611-05:00  INFO 29116 --- [budgetmanagementapi] [restartedMain] com.zaxxer.hikari.HikariDataSource       : HikariPool-2 - Start completed.
2025-02-01T00:23:54.611-05:00  WARN 29116 --- [budgetmanagementapi] [restartedMain] org.hibernate.orm.deprecation            : HHH90000025: H2Dialect does not need to be specified explicitly using 'hibernate.dialect' (remove the property setting and it will be selected by default)
2025-02-01T00:23:54.611-05:00  INFO 29116 --- [budgetmanagementapi] [restartedMain] org.hibernate.orm.connections.pooling    : HHH10001005: Database info:
	Database JDBC URL [Connecting through datasource 'HikariDataSource (HikariPool-2)']
	Database driver: undefined/unknown
	Database version: 2.3.232
	Autocommit mode: undefined/unknown
	Isolation level: undefined/unknown
	Minimum pool size: undefined/unknown
	Maximum pool size: undefined/unknown
2025-02-01T00:23:54.799-05:00  INFO 29116 --- [budgetmanagementapi] [restartedMain] o.h.e.t.j.p.i.JtaPlatformInitiator       : HHH000489: No JTA platform available (set 'hibernate.transaction.jta.platform' to enable JTA platform integration)
2025-02-01T00:23:54.855-05:00  INFO 29116 --- [budgetmanagementapi] [restartedMain] j.LocalContainerEntityManagerFactoryBean : Initialized JPA EntityManagerFactory for persistence unit 'default'
2025-02-01T00:23:54.982-05:00  WARN 29116 --- [budgetmanagementapi] [restartedMain] JpaBaseConfiguration$JpaWebConfiguration : spring.jpa.open-in-view is enabled by default. Therefore, database queries may be performed during view rendering. Explicitly configure spring.jpa.open-in-view to disable this warning
2025-02-01T00:23:55.080-05:00  INFO 29116 --- [budgetmanagementapi] [restartedMain] r$InitializeUserDetailsManagerConfigurer : Global AuthenticationManager configured with UserDetailsService bean with name userDetailsService
2025-02-01T00:23:55.094-05:00  INFO 29116 --- [budgetmanagementapi] [restartedMain] o.s.b.a.w.s.WelcomePageHandlerMapping    : Adding welcome page: class path resource [static/index.html]
2025-02-01T00:23:55.235-05:00  INFO 29116 --- [budgetmanagementapi] [restartedMain] o.s.b.a.h2.H2ConsoleAutoConfiguration    : H2 console available at '/h2-console'. Database available at 'jdbc:h2:mem:BudgetManagementAPI'
2025-02-01T00:23:55.274-05:00  INFO 29116 --- [budgetmanagementapi] [restartedMain] o.s.b.d.a.OptionalLiveReloadServer       : LiveReload server is running on port 35729
2025-02-01T00:23:55.276-05:00  INFO 29116 --- [budgetmanagementapi] [restartedMain] o.s.b.w.embedded.tomcat.TomcatWebServer  : Tomcat started on port 8080 (http) with context path '/'
2025-02-01T00:23:55.276-05:00  INFO 29116 --- [budgetmanagementapi] [restartedMain] c.v.b.BudgetmanagementapiApplication     : Started BudgetmanagementapiApplication in 1.335 seconds (process running for 9457.854)
2025-02-01T00:23:55.291-05:00  INFO 29116 --- [budgetmanagementapi] [restartedMain] .ConditionEvaluationDeltaLoggingListener : Condition evaluation unchanged
2025-02-01T00:24:14.017-05:00  INFO 29116 --- [budgetmanagementapi] [File Watcher] rtingClassPathChangeChangedEventListener : Restarting due to 1 class path change (0 additions, 0 deletions, 1 modification)
2025-02-01T00:24:14.026-05:00  INFO 29116 --- [budgetmanagementapi] [Thread-7] o.s.b.w.e.tomcat.GracefulShutdown        : Commencing graceful shutdown. Waiting for active requests to complete
2025-02-01T00:24:14.147-05:00  INFO 29116 --- [budgetmanagementapi] [tomcat-shutdown] o.s.b.w.e.tomcat.GracefulShutdown        : Graceful shutdown complete
2025-02-01T00:24:14.153-05:00  INFO 29116 --- [budgetmanagementapi] [Thread-7] j.LocalContainerEntityManagerFactoryBean : Closing JPA EntityManagerFactory for persistence unit 'default'
2025-02-01T00:24:14.159-05:00  WARN 29116 --- [budgetmanagementapi] [Thread-7] o.s.b.f.support.DisposableBeanAdapter    : Invocation of destroy method failed on bean with name 'inMemoryDatabaseShutdownExecutor': org.h2.jdbc.JdbcSQLNonTransientConnectionException: Database is already closed (to disable automatic closing at VM shutdown, add ";DB_CLOSE_ON_EXIT=FALSE" to the db URL) [90121-232]
2025-02-01T00:24:14.161-05:00  INFO 29116 --- [budgetmanagementapi] [Thread-7] com.zaxxer.hikari.HikariDataSource       : HikariPool-2 - Shutdown initiated...
2025-02-01T00:24:14.163-05:00  INFO 29116 --- [budgetmanagementapi] [Thread-7] com.zaxxer.hikari.HikariDataSource       : HikariPool-2 - Shutdown completed.
2025-02-01T00:24:14.306-05:00  INFO 29116 --- [budgetmanagementapi] [restartedMain] c.v.b.BudgetmanagementapiApplication     : Starting BudgetmanagementapiApplication using Java 21.0.1 with PID 29116 (C:\Software Development Vanier 2024\Transactional Web Applications\budgetmanagementapi\target\classes started by uribe in C:\Software Development Vanier 2024\Transactional Web Applications\budgetmanagementapi)
2025-02-01T00:24:14.307-05:00  INFO 29116 --- [budgetmanagementapi] [restartedMain] c.v.b.BudgetmanagementapiApplication     : No active profile set, falling back to 1 default profile: "default"
2025-02-01T00:24:14.583-05:00  INFO 29116 --- [budgetmanagementapi] [restartedMain] .s.d.r.c.RepositoryConfigurationDelegate : Bootstrapping Spring Data JPA repositories in DEFAULT mode.
2025-02-01T00:24:14.608-05:00  INFO 29116 --- [budgetmanagementapi] [restartedMain] .s.d.r.c.RepositoryConfigurationDelegate : Finished Spring Data repository scanning in 19 ms. Found 4 JPA repository interfaces.
2025-02-01T00:24:14.776-05:00  INFO 29116 --- [budgetmanagementapi] [restartedMain] o.s.b.w.embedded.tomcat.TomcatWebServer  : Tomcat initialized with port 8080 (http)
2025-02-01T00:24:14.776-05:00  INFO 29116 --- [budgetmanagementapi] [restartedMain] o.apache.catalina.core.StandardService   : Starting service [Tomcat]
2025-02-01T00:24:14.776-05:00  INFO 29116 --- [budgetmanagementapi] [restartedMain] o.apache.catalina.core.StandardEngine    : Starting Servlet engine: [Apache Tomcat/10.1.34]
2025-02-01T00:24:14.788-05:00  INFO 29116 --- [budgetmanagementapi] [restartedMain] o.a.c.c.C.[Tomcat].[localhost].[/]       : Initializing Spring embedded WebApplicationContext
2025-02-01T00:24:14.801-05:00  INFO 29116 --- [budgetmanagementapi] [restartedMain] w.s.c.ServletWebServerApplicationContext : Root WebApplicationContext: initialization completed in 492 ms
2025-02-01T00:24:14.861-05:00  INFO 29116 --- [budgetmanagementapi] [restartedMain] o.hibernate.jpa.internal.util.LogHelper  : HHH000204: Processing PersistenceUnitInfo [name: default]
2025-02-01T00:24:14.864-05:00  INFO 29116 --- [budgetmanagementapi] [restartedMain] o.h.c.internal.RegionFactoryInitiator    : HHH000026: Second-level cache disabled
2025-02-01T00:24:14.878-05:00  INFO 29116 --- [budgetmanagementapi] [restartedMain] o.s.o.j.p.SpringPersistenceUnitInfo      : No LoadTimeWeaver setup: ignoring JPA class transformer
2025-02-01T00:24:14.878-05:00  INFO 29116 --- [budgetmanagementapi] [restartedMain] com.zaxxer.hikari.HikariDataSource       : HikariPool-3 - Starting...
2025-02-01T00:24:14.878-05:00  INFO 29116 --- [budgetmanagementapi] [restartedMain] com.zaxxer.hikari.pool.HikariPool        : HikariPool-3 - Added connection conn50: url=jdbc:h2:mem:BudgetManagementAPI user=ADMIN
2025-02-01T00:24:14.885-05:00  INFO 29116 --- [budgetmanagementapi] [restartedMain] com.zaxxer.hikari.HikariDataSource       : HikariPool-3 - Start completed.
2025-02-01T00:24:14.887-05:00  WARN 29116 --- [budgetmanagementapi] [restartedMain] org.hibernate.orm.deprecation            : HHH90000025: H2Dialect does not need to be specified explicitly using 'hibernate.dialect' (remove the property setting and it will be selected by default)
2025-02-01T00:24:14.888-05:00  INFO 29116 --- [budgetmanagementapi] [restartedMain] org.hibernate.orm.connections.pooling    : HHH10001005: Database info:
	Database JDBC URL [Connecting through datasource 'HikariDataSource (HikariPool-3)']
	Database driver: undefined/unknown
	Database version: 2.3.232
	Autocommit mode: undefined/unknown
	Isolation level: undefined/unknown
	Minimum pool size: undefined/unknown
	Maximum pool size: undefined/unknown
2025-02-01T00:24:15.050-05:00  INFO 29116 --- [budgetmanagementapi] [restartedMain] o.h.e.t.j.p.i.JtaPlatformInitiator       : HHH000489: No JTA platform available (set 'hibernate.transaction.jta.platform' to enable JTA platform integration)
2025-02-01T00:24:15.070-05:00  INFO 29116 --- [budgetmanagementapi] [restartedMain] j.LocalContainerEntityManagerFactoryBean : Initialized JPA EntityManagerFactory for persistence unit 'default'
2025-02-01T00:24:15.195-05:00  WARN 29116 --- [budgetmanagementapi] [restartedMain] JpaBaseConfiguration$JpaWebConfiguration : spring.jpa.open-in-view is enabled by default. Therefore, database queries may be performed during view rendering. Explicitly configure spring.jpa.open-in-view to disable this warning
2025-02-01T00:24:15.303-05:00  INFO 29116 --- [budgetmanagementapi] [restartedMain] r$InitializeUserDetailsManagerConfigurer : Global AuthenticationManager configured with UserDetailsService bean with name userDetailsService
2025-02-01T00:24:15.314-05:00  INFO 29116 --- [budgetmanagementapi] [restartedMain] o.s.b.a.w.s.WelcomePageHandlerMapping    : Adding welcome page: class path resource [static/index.html]
2025-02-01T00:24:15.439-05:00  INFO 29116 --- [budgetmanagementapi] [restartedMain] o.s.b.a.h2.H2ConsoleAutoConfiguration    : H2 console available at '/h2-console'. Database available at 'jdbc:h2:mem:BudgetManagementAPI'
2025-02-01T00:24:15.473-05:00  INFO 29116 --- [budgetmanagementapi] [restartedMain] o.s.b.d.a.OptionalLiveReloadServer       : LiveReload server is running on port 35729
2025-02-01T00:24:15.486-05:00  INFO 29116 --- [budgetmanagementapi] [restartedMain] o.s.b.w.embedded.tomcat.TomcatWebServer  : Tomcat started on port 8080 (http) with context path '/'
2025-02-01T00:24:15.491-05:00  INFO 29116 --- [budgetmanagementapi] [restartedMain] c.v.b.BudgetmanagementapiApplication     : Started BudgetmanagementapiApplication in 1.238 seconds (process running for 9478.055)
2025-02-01T00:24:15.493-05:00  INFO 29116 --- [budgetmanagementapi] [restartedMain] .ConditionEvaluationDeltaLoggingListener : Condition evaluation unchanged
2025-02-01T00:24:33.206-05:00  INFO 29116 --- [budgetmanagementapi] [File Watcher] rtingClassPathChangeChangedEventListener : Restarting due to 1 class path change (0 additions, 0 deletions, 1 modification)
2025-02-01T00:24:33.208-05:00  INFO 29116 --- [budgetmanagementapi] [Thread-12] o.s.b.w.e.tomcat.GracefulShutdown        : Commencing graceful shutdown. Waiting for active requests to complete
2025-02-01T00:24:33.215-05:00  INFO 29116 --- [budgetmanagementapi] [tomcat-shutdown] o.s.b.w.e.tomcat.GracefulShutdown        : Graceful shutdown complete
2025-02-01T00:24:33.217-05:00  INFO 29116 --- [budgetmanagementapi] [Thread-12] j.LocalContainerEntityManagerFactoryBean : Closing JPA EntityManagerFactory for persistence unit 'default'
2025-02-01T00:24:33.219-05:00  WARN 29116 --- [budgetmanagementapi] [Thread-12] o.s.b.f.support.DisposableBeanAdapter    : Invocation of destroy method failed on bean with name 'inMemoryDatabaseShutdownExecutor': org.h2.jdbc.JdbcSQLNonTransientConnectionException: Database is already closed (to disable automatic closing at VM shutdown, add ";DB_CLOSE_ON_EXIT=FALSE" to the db URL) [90121-232]
2025-02-01T00:24:33.220-05:00  INFO 29116 --- [budgetmanagementapi] [Thread-12] com.zaxxer.hikari.HikariDataSource       : HikariPool-3 - Shutdown initiated...
2025-02-01T00:24:33.221-05:00  INFO 29116 --- [budgetmanagementapi] [Thread-12] com.zaxxer.hikari.HikariDataSource       : HikariPool-3 - Shutdown completed.
2025-02-01T00:24:33.289-05:00  INFO 29116 --- [budgetmanagementapi] [restartedMain] c.v.b.BudgetmanagementapiApplication     : Starting BudgetmanagementapiApplication using Java 21.0.1 with PID 29116 (C:\Software Development Vanier 2024\Transactional Web Applications\budgetmanagementapi\target\classes started by uribe in C:\Software Development Vanier 2024\Transactional Web Applications\budgetmanagementapi)
2025-02-01T00:24:33.289-05:00  INFO 29116 --- [budgetmanagementapi] [restartedMain] c.v.b.BudgetmanagementapiApplication     : No active profile set, falling back to 1 default profile: "default"
2025-02-01T00:24:33.507-05:00  INFO 29116 --- [budgetmanagementapi] [restartedMain] .s.d.r.c.RepositoryConfigurationDelegate : Bootstrapping Spring Data JPA repositories in DEFAULT mode.
2025-02-01T00:24:33.523-05:00  INFO 29116 --- [budgetmanagementapi] [restartedMain] .s.d.r.c.RepositoryConfigurationDelegate : Finished Spring Data repository scanning in 13 ms. Found 4 JPA repository interfaces.
2025-02-01T00:24:33.612-05:00  INFO 29116 --- [budgetmanagementapi] [restartedMain] o.s.b.w.embedded.tomcat.TomcatWebServer  : Tomcat initialized with port 8080 (http)
2025-02-01T00:24:33.613-05:00  INFO 29116 --- [budgetmanagementapi] [restartedMain] o.apache.catalina.core.StandardService   : Starting service [Tomcat]
2025-02-01T00:24:33.614-05:00  INFO 29116 --- [budgetmanagementapi] [restartedMain] o.apache.catalina.core.StandardEngine    : Starting Servlet engine: [Apache Tomcat/10.1.34]
2025-02-01T00:24:33.624-05:00  INFO 29116 --- [budgetmanagementapi] [restartedMain] o.a.c.c.C.[Tomcat].[localhost].[/]       : Initializing Spring embedded WebApplicationContext
2025-02-01T00:24:33.624-05:00  INFO 29116 --- [budgetmanagementapi] [restartedMain] w.s.c.ServletWebServerApplicationContext : Root WebApplicationContext: initialization completed in 335 ms
2025-02-01T00:24:33.654-05:00  INFO 29116 --- [budgetmanagementapi] [restartedMain] o.hibernate.jpa.internal.util.LogHelper  : HHH000204: Processing PersistenceUnitInfo [name: default]
2025-02-01T00:24:33.654-05:00  INFO 29116 --- [budgetmanagementapi] [restartedMain] o.h.c.internal.RegionFactoryInitiator    : HHH000026: Second-level cache disabled
2025-02-01T00:24:33.671-05:00  INFO 29116 --- [budgetmanagementapi] [restartedMain] o.s.o.j.p.SpringPersistenceUnitInfo      : No LoadTimeWeaver setup: ignoring JPA class transformer
2025-02-01T00:24:33.671-05:00  INFO 29116 --- [budgetmanagementapi] [restartedMain] com.zaxxer.hikari.HikariDataSource       : HikariPool-4 - Starting...
2025-02-01T00:24:33.671-05:00  INFO 29116 --- [budgetmanagementapi] [restartedMain] com.zaxxer.hikari.pool.HikariPool        : HikariPool-4 - Added connection conn60: url=jdbc:h2:mem:BudgetManagementAPI user=ADMIN
2025-02-01T00:24:33.671-05:00  INFO 29116 --- [budgetmanagementapi] [restartedMain] com.zaxxer.hikari.HikariDataSource       : HikariPool-4 - Start completed.
2025-02-01T00:24:33.671-05:00  WARN 29116 --- [budgetmanagementapi] [restartedMain] org.hibernate.orm.deprecation            : HHH90000025: H2Dialect does not need to be specified explicitly using 'hibernate.dialect' (remove the property setting and it will be selected by default)
2025-02-01T00:24:33.671-05:00  INFO 29116 --- [budgetmanagementapi] [restartedMain] org.hibernate.orm.connections.pooling    : HHH10001005: Database info:
	Database JDBC URL [Connecting through datasource 'HikariDataSource (HikariPool-4)']
	Database driver: undefined/unknown
	Database version: 2.3.232
	Autocommit mode: undefined/unknown
	Isolation level: undefined/unknown
	Minimum pool size: undefined/unknown
	Maximum pool size: undefined/unknown
2025-02-01T00:24:33.834-05:00  INFO 29116 --- [budgetmanagementapi] [restartedMain] o.h.e.t.j.p.i.JtaPlatformInitiator       : HHH000489: No JTA platform available (set 'hibernate.transaction.jta.platform' to enable JTA platform integration)
2025-02-01T00:24:33.838-05:00  INFO 29116 --- [budgetmanagementapi] [restartedMain] j.LocalContainerEntityManagerFactoryBean : Initialized JPA EntityManagerFactory for persistence unit 'default'
2025-02-01T00:24:33.941-05:00  WARN 29116 --- [budgetmanagementapi] [restartedMain] JpaBaseConfiguration$JpaWebConfiguration : spring.jpa.open-in-view is enabled by default. Therefore, database queries may be performed during view rendering. Explicitly configure spring.jpa.open-in-view to disable this warning
2025-02-01T00:24:34.043-05:00  INFO 29116 --- [budgetmanagementapi] [restartedMain] r$InitializeUserDetailsManagerConfigurer : Global AuthenticationManager configured with UserDetailsService bean with name userDetailsService
2025-02-01T00:24:34.043-05:00  INFO 29116 --- [budgetmanagementapi] [restartedMain] o.s.b.a.w.s.WelcomePageHandlerMapping    : Adding welcome page: class path resource [static/index.html]
2025-02-01T00:24:34.169-05:00  INFO 29116 --- [budgetmanagementapi] [restartedMain] o.s.b.a.h2.H2ConsoleAutoConfiguration    : H2 console available at '/h2-console'. Database available at 'jdbc:h2:mem:BudgetManagementAPI'
2025-02-01T00:24:34.214-05:00  INFO 29116 --- [budgetmanagementapi] [restartedMain] o.s.b.d.a.OptionalLiveReloadServer       : LiveReload server is running on port 35729
2025-02-01T00:24:34.228-05:00  INFO 29116 --- [budgetmanagementapi] [restartedMain] o.s.b.w.embedded.tomcat.TomcatWebServer  : Tomcat started on port 8080 (http) with context path '/'
2025-02-01T00:24:34.235-05:00  INFO 29116 --- [budgetmanagementapi] [restartedMain] c.v.b.BudgetmanagementapiApplication     : Started BudgetmanagementapiApplication in 0.979 seconds (process running for 9496.797)
2025-02-01T00:24:34.236-05:00  INFO 29116 --- [budgetmanagementapi] [restartedMain] .ConditionEvaluationDeltaLoggingListener : Condition evaluation unchanged
2025-02-01T00:25:31.775-05:00  INFO 29116 --- [budgetmanagementapi] [File Watcher] rtingClassPathChangeChangedEventListener : Restarting due to 1 class path change (0 additions, 0 deletions, 1 modification)
2025-02-01T00:25:31.777-05:00  INFO 29116 --- [budgetmanagementapi] [Thread-16] o.s.b.w.e.tomcat.GracefulShutdown        : Commencing graceful shutdown. Waiting for active requests to complete
2025-02-01T00:25:31.785-05:00  INFO 29116 --- [budgetmanagementapi] [tomcat-shutdown] o.s.b.w.e.tomcat.GracefulShutdown        : Graceful shutdown complete
2025-02-01T00:25:31.789-05:00  INFO 29116 --- [budgetmanagementapi] [Thread-16] j.LocalContainerEntityManagerFactoryBean : Closing JPA EntityManagerFactory for persistence unit 'default'
2025-02-01T00:25:31.795-05:00  WARN 29116 --- [budgetmanagementapi] [Thread-16] o.s.b.f.support.DisposableBeanAdapter    : Invocation of destroy method failed on bean with name 'inMemoryDatabaseShutdownExecutor': org.h2.jdbc.JdbcSQLNonTransientConnectionException: Database is already closed (to disable automatic closing at VM shutdown, add ";DB_CLOSE_ON_EXIT=FALSE" to the db URL) [90121-232]
2025-02-01T00:25:31.795-05:00  INFO 29116 --- [budgetmanagementapi] [Thread-16] com.zaxxer.hikari.HikariDataSource       : HikariPool-4 - Shutdown initiated...
2025-02-01T00:25:31.795-05:00  INFO 29116 --- [budgetmanagementapi] [Thread-16] com.zaxxer.hikari.HikariDataSource       : HikariPool-4 - Shutdown completed.
2025-02-01T00:25:31.886-05:00  INFO 29116 --- [budgetmanagementapi] [restartedMain] c.v.b.BudgetmanagementapiApplication     : Starting BudgetmanagementapiApplication using Java 21.0.1 with PID 29116 (C:\Software Development Vanier 2024\Transactional Web Applications\budgetmanagementapi\target\classes started by uribe in C:\Software Development Vanier 2024\Transactional Web Applications\budgetmanagementapi)
2025-02-01T00:25:31.887-05:00  INFO 29116 --- [budgetmanagementapi] [restartedMain] c.v.b.BudgetmanagementapiApplication     : No active profile set, falling back to 1 default profile: "default"
2025-02-01T00:25:32.106-05:00  INFO 29116 --- [budgetmanagementapi] [restartedMain] .s.d.r.c.RepositoryConfigurationDelegate : Bootstrapping Spring Data JPA repositories in DEFAULT mode.
2025-02-01T00:25:32.134-05:00  INFO 29116 --- [budgetmanagementapi] [restartedMain] .s.d.r.c.RepositoryConfigurationDelegate : Finished Spring Data repository scanning in 27 ms. Found 4 JPA repository interfaces.
2025-02-01T00:25:32.309-05:00  INFO 29116 --- [budgetmanagementapi] [restartedMain] o.s.b.w.embedded.tomcat.TomcatWebServer  : Tomcat initialized with port 8080 (http)
2025-02-01T00:25:32.310-05:00  INFO 29116 --- [budgetmanagementapi] [restartedMain] o.apache.catalina.core.StandardService   : Starting service [Tomcat]
2025-02-01T00:25:32.310-05:00  INFO 29116 --- [budgetmanagementapi] [restartedMain] o.apache.catalina.core.StandardEngine    : Starting Servlet engine: [Apache Tomcat/10.1.34]
2025-02-01T00:25:32.335-05:00  INFO 29116 --- [budgetmanagementapi] [restartedMain] o.a.c.c.C.[Tomcat].[localhost].[/]       : Initializing Spring embedded WebApplicationContext
2025-02-01T00:25:32.335-05:00  INFO 29116 --- [budgetmanagementapi] [restartedMain] w.s.c.ServletWebServerApplicationContext : Root WebApplicationContext: initialization completed in 446 ms
2025-02-01T00:25:32.399-05:00  INFO 29116 --- [budgetmanagementapi] [restartedMain] o.hibernate.jpa.internal.util.LogHelper  : HHH000204: Processing PersistenceUnitInfo [name: default]
2025-02-01T00:25:32.399-05:00  INFO 29116 --- [budgetmanagementapi] [restartedMain] o.h.c.internal.RegionFactoryInitiator    : HHH000026: Second-level cache disabled
2025-02-01T00:25:32.413-05:00  INFO 29116 --- [budgetmanagementapi] [restartedMain] o.s.o.j.p.SpringPersistenceUnitInfo      : No LoadTimeWeaver setup: ignoring JPA class transformer
2025-02-01T00:25:32.413-05:00  INFO 29116 --- [budgetmanagementapi] [restartedMain] com.zaxxer.hikari.HikariDataSource       : HikariPool-5 - Starting...
2025-02-01T00:25:32.413-05:00  INFO 29116 --- [budgetmanagementapi] [restartedMain] com.zaxxer.hikari.pool.HikariPool        : HikariPool-5 - Added connection conn70: url=jdbc:h2:mem:BudgetManagementAPI user=ADMIN
2025-02-01T00:25:32.413-05:00  INFO 29116 --- [budgetmanagementapi] [restartedMain] com.zaxxer.hikari.HikariDataSource       : HikariPool-5 - Start completed.
2025-02-01T00:25:32.413-05:00  WARN 29116 --- [budgetmanagementapi] [restartedMain] org.hibernate.orm.deprecation            : HHH90000025: H2Dialect does not need to be specified explicitly using 'hibernate.dialect' (remove the property setting and it will be selected by default)
2025-02-01T00:25:32.413-05:00  INFO 29116 --- [budgetmanagementapi] [restartedMain] org.hibernate.orm.connections.pooling    : HHH10001005: Database info:
	Database JDBC URL [Connecting through datasource 'HikariDataSource (HikariPool-5)']
	Database driver: undefined/unknown
	Database version: 2.3.232
	Autocommit mode: undefined/unknown
	Isolation level: undefined/unknown
	Minimum pool size: undefined/unknown
	Maximum pool size: undefined/unknown
2025-02-01T00:25:32.588-05:00  INFO 29116 --- [budgetmanagementapi] [restartedMain] o.h.e.t.j.p.i.JtaPlatformInitiator       : HHH000489: No JTA platform available (set 'hibernate.transaction.jta.platform' to enable JTA platform integration)
2025-02-01T00:25:32.604-05:00  INFO 29116 --- [budgetmanagementapi] [restartedMain] j.LocalContainerEntityManagerFactoryBean : Initialized JPA EntityManagerFactory for persistence unit 'default'
2025-02-01T00:25:32.852-05:00  WARN 29116 --- [budgetmanagementapi] [restartedMain] JpaBaseConfiguration$JpaWebConfiguration : spring.jpa.open-in-view is enabled by default. Therefore, database queries may be performed during view rendering. Explicitly configure spring.jpa.open-in-view to disable this warning
2025-02-01T00:25:33.015-05:00  INFO 29116 --- [budgetmanagementapi] [restartedMain] r$InitializeUserDetailsManagerConfigurer : Global AuthenticationManager configured with UserDetailsService bean with name userDetailsService
2025-02-01T00:25:33.028-05:00  INFO 29116 --- [budgetmanagementapi] [restartedMain] o.s.b.a.w.s.WelcomePageHandlerMapping    : Adding welcome page: class path resource [static/index.html]
2025-02-01T00:25:33.169-05:00  INFO 29116 --- [budgetmanagementapi] [restartedMain] o.s.b.a.h2.H2ConsoleAutoConfiguration    : H2 console available at '/h2-console'. Database available at 'jdbc:h2:mem:BudgetManagementAPI'
2025-02-01T00:25:33.215-05:00  INFO 29116 --- [budgetmanagementapi] [restartedMain] o.s.b.d.a.OptionalLiveReloadServer       : LiveReload server is running on port 35729
2025-02-01T00:25:33.231-05:00  INFO 29116 --- [budgetmanagementapi] [restartedMain] o.s.b.w.embedded.tomcat.TomcatWebServer  : Tomcat started on port 8080 (http) with context path '/'
2025-02-01T00:25:33.236-05:00  INFO 29116 --- [budgetmanagementapi] [restartedMain] c.v.b.BudgetmanagementapiApplication     : Started BudgetmanagementapiApplication in 1.381 seconds (process running for 9555.795)
2025-02-01T00:25:33.236-05:00  INFO 29116 --- [budgetmanagementapi] [restartedMain] .ConditionEvaluationDeltaLoggingListener : Condition evaluation unchanged
2025-02-01T00:26:03.149-05:00  INFO 29116 --- [budgetmanagementapi] [File Watcher] rtingClassPathChangeChangedEventListener : Restarting due to 1 class path change (0 additions, 0 deletions, 1 modification)
2025-02-01T00:26:03.151-05:00  INFO 29116 --- [budgetmanagementapi] [Thread-20] o.s.b.w.e.tomcat.GracefulShutdown        : Commencing graceful shutdown. Waiting for active requests to complete
2025-02-01T00:26:03.160-05:00  INFO 29116 --- [budgetmanagementapi] [tomcat-shutdown] o.s.b.w.e.tomcat.GracefulShutdown        : Graceful shutdown complete
2025-02-01T00:26:03.166-05:00  INFO 29116 --- [budgetmanagementapi] [Thread-20] j.LocalContainerEntityManagerFactoryBean : Closing JPA EntityManagerFactory for persistence unit 'default'
2025-02-01T00:26:03.171-05:00  WARN 29116 --- [budgetmanagementapi] [Thread-20] o.s.b.f.support.DisposableBeanAdapter    : Invocation of destroy method failed on bean with name 'inMemoryDatabaseShutdownExecutor': org.h2.jdbc.JdbcSQLNonTransientConnectionException: Database is already closed (to disable automatic closing at VM shutdown, add ";DB_CLOSE_ON_EXIT=FALSE" to the db URL) [90121-232]
2025-02-01T00:26:03.172-05:00  INFO 29116 --- [budgetmanagementapi] [Thread-20] com.zaxxer.hikari.HikariDataSource       : HikariPool-5 - Shutdown initiated...
2025-02-01T00:26:03.173-05:00  INFO 29116 --- [budgetmanagementapi] [Thread-20] com.zaxxer.hikari.HikariDataSource       : HikariPool-5 - Shutdown completed.
2025-02-01T00:26:03.300-05:00  INFO 29116 --- [budgetmanagementapi] [restartedMain] c.v.b.BudgetmanagementapiApplication     : Starting BudgetmanagementapiApplication using Java 21.0.1 with PID 29116 (C:\Software Development Vanier 2024\Transactional Web Applications\budgetmanagementapi\target\classes started by uribe in C:\Software Development Vanier 2024\Transactional Web Applications\budgetmanagementapi)
2025-02-01T00:26:03.300-05:00  INFO 29116 --- [budgetmanagementapi] [restartedMain] c.v.b.BudgetmanagementapiApplication     : No active profile set, falling back to 1 default profile: "default"
2025-02-01T00:26:03.621-05:00  INFO 29116 --- [budgetmanagementapi] [restartedMain] .s.d.r.c.RepositoryConfigurationDelegate : Bootstrapping Spring Data JPA repositories in DEFAULT mode.
2025-02-01T00:26:03.656-05:00  INFO 29116 --- [budgetmanagementapi] [restartedMain] .s.d.r.c.RepositoryConfigurationDelegate : Finished Spring Data repository scanning in 34 ms. Found 4 JPA repository interfaces.
2025-02-01T00:26:03.802-05:00  INFO 29116 --- [budgetmanagementapi] [restartedMain] o.s.b.w.embedded.tomcat.TomcatWebServer  : Tomcat initialized with port 8080 (http)
2025-02-01T00:26:03.802-05:00  INFO 29116 --- [budgetmanagementapi] [restartedMain] o.apache.catalina.core.StandardService   : Starting service [Tomcat]
2025-02-01T00:26:03.802-05:00  INFO 29116 --- [budgetmanagementapi] [restartedMain] o.apache.catalina.core.StandardEngine    : Starting Servlet engine: [Apache Tomcat/10.1.34]
2025-02-01T00:26:03.838-05:00  INFO 29116 --- [budgetmanagementapi] [restartedMain] o.a.c.c.C.[Tomcat].[localhost].[/]       : Initializing Spring embedded WebApplicationContext
2025-02-01T00:26:03.838-05:00  INFO 29116 --- [budgetmanagementapi] [restartedMain] w.s.c.ServletWebServerApplicationContext : Root WebApplicationContext: initialization completed in 534 ms
2025-02-01T00:26:03.886-05:00  INFO 29116 --- [budgetmanagementapi] [restartedMain] o.hibernate.jpa.internal.util.LogHelper  : HHH000204: Processing PersistenceUnitInfo [name: default]
2025-02-01T00:26:03.901-05:00  INFO 29116 --- [budgetmanagementapi] [restartedMain] o.h.c.internal.RegionFactoryInitiator    : HHH000026: Second-level cache disabled
2025-02-01T00:26:03.902-05:00  INFO 29116 --- [budgetmanagementapi] [restartedMain] o.s.o.j.p.SpringPersistenceUnitInfo      : No LoadTimeWeaver setup: ignoring JPA class transformer
2025-02-01T00:26:03.917-05:00  INFO 29116 --- [budgetmanagementapi] [restartedMain] com.zaxxer.hikari.HikariDataSource       : HikariPool-6 - Starting...
2025-02-01T00:26:03.921-05:00  INFO 29116 --- [budgetmanagementapi] [restartedMain] com.zaxxer.hikari.pool.HikariPool        : HikariPool-6 - Added connection conn80: url=jdbc:h2:mem:BudgetManagementAPI user=ADMIN
2025-02-01T00:26:03.921-05:00  INFO 29116 --- [budgetmanagementapi] [restartedMain] com.zaxxer.hikari.HikariDataSource       : HikariPool-6 - Start completed.
2025-02-01T00:26:03.921-05:00  WARN 29116 --- [budgetmanagementapi] [restartedMain] org.hibernate.orm.deprecation            : HHH90000025: H2Dialect does not need to be specified explicitly using 'hibernate.dialect' (remove the property setting and it will be selected by default)
2025-02-01T00:26:03.921-05:00  INFO 29116 --- [budgetmanagementapi] [restartedMain] org.hibernate.orm.connections.pooling    : HHH10001005: Database info:
	Database JDBC URL [Connecting through datasource 'HikariDataSource (HikariPool-6)']
	Database driver: undefined/unknown
	Database version: 2.3.232
	Autocommit mode: undefined/unknown
	Isolation level: undefined/unknown
	Minimum pool size: undefined/unknown
	Maximum pool size: undefined/unknown
2025-02-01T00:26:04.037-05:00  INFO 29116 --- [budgetmanagementapi] [restartedMain] o.h.e.t.j.p.i.JtaPlatformInitiator       : HHH000489: No JTA platform available (set 'hibernate.transaction.jta.platform' to enable JTA platform integration)
2025-02-01T00:26:04.060-05:00  INFO 29116 --- [budgetmanagementapi] [restartedMain] j.LocalContainerEntityManagerFactoryBean : Initialized JPA EntityManagerFactory for persistence unit 'default'
2025-02-01T00:26:04.170-05:00  WARN 29116 --- [budgetmanagementapi] [restartedMain] JpaBaseConfiguration$JpaWebConfiguration : spring.jpa.open-in-view is enabled by default. Therefore, database queries may be performed during view rendering. Explicitly configure spring.jpa.open-in-view to disable this warning
2025-02-01T00:26:04.304-05:00  INFO 29116 --- [budgetmanagementapi] [restartedMain] r$InitializeUserDetailsManagerConfigurer : Global AuthenticationManager configured with UserDetailsService bean with name userDetailsService
2025-02-01T00:26:04.318-05:00  INFO 29116 --- [budgetmanagementapi] [restartedMain] o.s.b.a.w.s.WelcomePageHandlerMapping    : Adding welcome page: class path resource [static/index.html]
2025-02-01T00:26:04.436-05:00  INFO 29116 --- [budgetmanagementapi] [restartedMain] o.s.b.a.h2.H2ConsoleAutoConfiguration    : H2 console available at '/h2-console'. Database available at 'jdbc:h2:mem:BudgetManagementAPI'
2025-02-01T00:26:04.467-05:00  INFO 29116 --- [budgetmanagementapi] [restartedMain] o.s.b.d.a.OptionalLiveReloadServer       : LiveReload server is running on port 35729
2025-02-01T00:26:04.479-05:00  INFO 29116 --- [budgetmanagementapi] [restartedMain] o.s.b.w.embedded.tomcat.TomcatWebServer  : Tomcat started on port 8080 (http) with context path '/'
2025-02-01T00:26:04.484-05:00  INFO 29116 --- [budgetmanagementapi] [restartedMain] c.v.b.BudgetmanagementapiApplication     : Started BudgetmanagementapiApplication in 1.23 seconds (process running for 9587.042)
2025-02-01T00:26:04.488-05:00  INFO 29116 --- [budgetmanagementapi] [restartedMain] .ConditionEvaluationDeltaLoggingListener : Condition evaluation unchanged
2025-02-01T00:27:13.226-05:00  INFO 29116 --- [budgetmanagementapi] [File Watcher] rtingClassPathChangeChangedEventListener : Restarting due to 1 class path change (0 additions, 0 deletions, 1 modification)
2025-02-01T00:27:13.227-05:00  INFO 29116 --- [budgetmanagementapi] [Thread-24] o.s.b.w.e.tomcat.GracefulShutdown        : Commencing graceful shutdown. Waiting for active requests to complete
2025-02-01T00:27:13.233-05:00  INFO 29116 --- [budgetmanagementapi] [tomcat-shutdown] o.s.b.w.e.tomcat.GracefulShutdown        : Graceful shutdown complete
2025-02-01T00:27:13.233-05:00  INFO 29116 --- [budgetmanagementapi] [Thread-24] j.LocalContainerEntityManagerFactoryBean : Closing JPA EntityManagerFactory for persistence unit 'default'
2025-02-01T00:27:13.233-05:00  WARN 29116 --- [budgetmanagementapi] [Thread-24] o.s.b.f.support.DisposableBeanAdapter    : Invocation of destroy method failed on bean with name 'inMemoryDatabaseShutdownExecutor': org.h2.jdbc.JdbcSQLNonTransientConnectionException: Database is already closed (to disable automatic closing at VM shutdown, add ";DB_CLOSE_ON_EXIT=FALSE" to the db URL) [90121-232]
2025-02-01T00:27:13.233-05:00  INFO 29116 --- [budgetmanagementapi] [Thread-24] com.zaxxer.hikari.HikariDataSource       : HikariPool-6 - Shutdown initiated...
2025-02-01T00:27:13.233-05:00  INFO 29116 --- [budgetmanagementapi] [Thread-24] com.zaxxer.hikari.HikariDataSource       : HikariPool-6 - Shutdown completed.
2025-02-01T00:27:13.333-05:00  INFO 29116 --- [budgetmanagementapi] [restartedMain] c.v.b.BudgetmanagementapiApplication     : Starting BudgetmanagementapiApplication using Java 21.0.1 with PID 29116 (C:\Software Development Vanier 2024\Transactional Web Applications\budgetmanagementapi\target\classes started by uribe in C:\Software Development Vanier 2024\Transactional Web Applications\budgetmanagementapi)
2025-02-01T00:27:13.334-05:00  INFO 29116 --- [budgetmanagementapi] [restartedMain] c.v.b.BudgetmanagementapiApplication     : No active profile set, falling back to 1 default profile: "default"
2025-02-01T00:27:13.510-05:00  INFO 29116 --- [budgetmanagementapi] [restartedMain] .s.d.r.c.RepositoryConfigurationDelegate : Bootstrapping Spring Data JPA repositories in DEFAULT mode.
2025-02-01T00:27:13.522-05:00  INFO 29116 --- [budgetmanagementapi] [restartedMain] .s.d.r.c.RepositoryConfigurationDelegate : Finished Spring Data repository scanning in 10 ms. Found 4 JPA repository interfaces.
2025-02-01T00:27:13.611-05:00  INFO 29116 --- [budgetmanagementapi] [restartedMain] o.s.b.w.embedded.tomcat.TomcatWebServer  : Tomcat initialized with port 8080 (http)
2025-02-01T00:27:13.613-05:00  INFO 29116 --- [budgetmanagementapi] [restartedMain] o.apache.catalina.core.StandardService   : Starting service [Tomcat]
2025-02-01T00:27:13.613-05:00  INFO 29116 --- [budgetmanagementapi] [restartedMain] o.apache.catalina.core.StandardEngine    : Starting Servlet engine: [Apache Tomcat/10.1.34]
2025-02-01T00:27:13.614-05:00  INFO 29116 --- [budgetmanagementapi] [restartedMain] o.a.c.c.C.[Tomcat].[localhost].[/]       : Initializing Spring embedded WebApplicationContext
2025-02-01T00:27:13.614-05:00  INFO 29116 --- [budgetmanagementapi] [restartedMain] w.s.c.ServletWebServerApplicationContext : Root WebApplicationContext: initialization completed in 277 ms
2025-02-01T00:27:13.661-05:00  INFO 29116 --- [budgetmanagementapi] [restartedMain] o.hibernate.jpa.internal.util.LogHelper  : HHH000204: Processing PersistenceUnitInfo [name: default]
2025-02-01T00:27:13.663-05:00  INFO 29116 --- [budgetmanagementapi] [restartedMain] o.h.c.internal.RegionFactoryInitiator    : HHH000026: Second-level cache disabled
2025-02-01T00:27:13.669-05:00  INFO 29116 --- [budgetmanagementapi] [restartedMain] o.s.o.j.p.SpringPersistenceUnitInfo      : No LoadTimeWeaver setup: ignoring JPA class transformer
2025-02-01T00:27:13.669-05:00  INFO 29116 --- [budgetmanagementapi] [restartedMain] com.zaxxer.hikari.HikariDataSource       : HikariPool-7 - Starting...
2025-02-01T00:27:13.680-05:00  INFO 29116 --- [budgetmanagementapi] [restartedMain] com.zaxxer.hikari.pool.HikariPool        : HikariPool-7 - Added connection conn90: url=jdbc:h2:mem:BudgetManagementAPI user=ADMIN
2025-02-01T00:27:13.681-05:00  INFO 29116 --- [budgetmanagementapi] [restartedMain] com.zaxxer.hikari.HikariDataSource       : HikariPool-7 - Start completed.
2025-02-01T00:27:13.682-05:00  WARN 29116 --- [budgetmanagementapi] [restartedMain] org.hibernate.orm.deprecation            : HHH90000025: H2Dialect does not need to be specified explicitly using 'hibernate.dialect' (remove the property setting and it will be selected by default)
2025-02-01T00:27:13.682-05:00  INFO 29116 --- [budgetmanagementapi] [restartedMain] org.hibernate.orm.connections.pooling    : HHH10001005: Database info:
	Database JDBC URL [Connecting through datasource 'HikariDataSource (HikariPool-7)']
	Database driver: undefined/unknown
	Database version: 2.3.232
	Autocommit mode: undefined/unknown
	Isolation level: undefined/unknown
	Minimum pool size: undefined/unknown
	Maximum pool size: undefined/unknown
2025-02-01T00:27:13.776-05:00  INFO 29116 --- [budgetmanagementapi] [restartedMain] o.h.e.t.j.p.i.JtaPlatformInitiator       : HHH000489: No JTA platform available (set 'hibernate.transaction.jta.platform' to enable JTA platform integration)
2025-02-01T00:27:13.786-05:00  INFO 29116 --- [budgetmanagementapi] [restartedMain] j.LocalContainerEntityManagerFactoryBean : Initialized JPA EntityManagerFactory for persistence unit 'default'
2025-02-01T00:27:13.866-05:00  WARN 29116 --- [budgetmanagementapi] [restartedMain] JpaBaseConfiguration$JpaWebConfiguration : spring.jpa.open-in-view is enabled by default. Therefore, database queries may be performed during view rendering. Explicitly configure spring.jpa.open-in-view to disable this warning
2025-02-01T00:27:13.949-05:00  INFO 29116 --- [budgetmanagementapi] [restartedMain] r$InitializeUserDetailsManagerConfigurer : Global AuthenticationManager configured with UserDetailsService bean with name userDetailsService
2025-02-01T00:27:13.956-05:00  INFO 29116 --- [budgetmanagementapi] [restartedMain] o.s.b.a.w.s.WelcomePageHandlerMapping    : Adding welcome page: class path resource [static/index.html]
2025-02-01T00:27:14.045-05:00  INFO 29116 --- [budgetmanagementapi] [restartedMain] o.s.b.a.h2.H2ConsoleAutoConfiguration    : H2 console available at '/h2-console'. Database available at 'jdbc:h2:mem:BudgetManagementAPI'
2025-02-01T00:27:14.064-05:00  INFO 29116 --- [budgetmanagementapi] [restartedMain] o.s.b.d.a.OptionalLiveReloadServer       : LiveReload server is running on port 35729
2025-02-01T00:27:14.064-05:00  INFO 29116 --- [budgetmanagementapi] [restartedMain] o.s.b.w.embedded.tomcat.TomcatWebServer  : Tomcat started on port 8080 (http) with context path '/'
2025-02-01T00:27:14.064-05:00  INFO 29116 --- [budgetmanagementapi] [restartedMain] c.v.b.BudgetmanagementapiApplication     : Started BudgetmanagementapiApplication in 0.766 seconds (process running for 9656.632)
2025-02-01T00:27:14.064-05:00  INFO 29116 --- [budgetmanagementapi] [restartedMain] .ConditionEvaluationDeltaLoggingListener : Condition evaluation unchanged
2025-02-01T00:28:38.273-05:00  INFO 29116 --- [budgetmanagementapi] [File Watcher] rtingClassPathChangeChangedEventListener : Restarting due to 1 class path change (0 additions, 0 deletions, 1 modification)
2025-02-01T00:28:38.274-05:00  INFO 29116 --- [budgetmanagementapi] [Thread-28] o.s.b.w.e.tomcat.GracefulShutdown        : Commencing graceful shutdown. Waiting for active requests to complete
2025-02-01T00:28:38.285-05:00  INFO 29116 --- [budgetmanagementapi] [tomcat-shutdown] o.s.b.w.e.tomcat.GracefulShutdown        : Graceful shutdown complete
2025-02-01T00:28:38.288-05:00  INFO 29116 --- [budgetmanagementapi] [Thread-28] j.LocalContainerEntityManagerFactoryBean : Closing JPA EntityManagerFactory for persistence unit 'default'
2025-02-01T00:28:38.291-05:00  WARN 29116 --- [budgetmanagementapi] [Thread-28] o.s.b.f.support.DisposableBeanAdapter    : Invocation of destroy method failed on bean with name 'inMemoryDatabaseShutdownExecutor': org.h2.jdbc.JdbcSQLNonTransientConnectionException: Database is already closed (to disable automatic closing at VM shutdown, add ";DB_CLOSE_ON_EXIT=FALSE" to the db URL) [90121-232]
2025-02-01T00:28:38.291-05:00  INFO 29116 --- [budgetmanagementapi] [Thread-28] com.zaxxer.hikari.HikariDataSource       : HikariPool-7 - Shutdown initiated...
2025-02-01T00:28:38.292-05:00  INFO 29116 --- [budgetmanagementapi] [Thread-28] com.zaxxer.hikari.HikariDataSource       : HikariPool-7 - Shutdown completed.
2025-02-01T00:28:38.382-05:00  INFO 29116 --- [budgetmanagementapi] [restartedMain] c.v.b.BudgetmanagementapiApplication     : Starting BudgetmanagementapiApplication using Java 21.0.1 with PID 29116 (C:\Software Development Vanier 2024\Transactional Web Applications\budgetmanagementapi\target\classes started by uribe in C:\Software Development Vanier 2024\Transactional Web Applications\budgetmanagementapi)
2025-02-01T00:28:38.383-05:00  INFO 29116 --- [budgetmanagementapi] [restartedMain] c.v.b.BudgetmanagementapiApplication     : No active profile set, falling back to 1 default profile: "default"
2025-02-01T00:28:38.542-05:00  INFO 29116 --- [budgetmanagementapi] [restartedMain] .s.d.r.c.RepositoryConfigurationDelegate : Bootstrapping Spring Data JPA repositories in DEFAULT mode.
2025-02-01T00:28:38.554-05:00  INFO 29116 --- [budgetmanagementapi] [restartedMain] .s.d.r.c.RepositoryConfigurationDelegate : Finished Spring Data repository scanning in 10 ms. Found 4 JPA repository interfaces.
2025-02-01T00:28:38.643-05:00  INFO 29116 --- [budgetmanagementapi] [restartedMain] o.s.b.w.embedded.tomcat.TomcatWebServer  : Tomcat initialized with port 8080 (http)
2025-02-01T00:28:38.645-05:00  INFO 29116 --- [budgetmanagementapi] [restartedMain] o.apache.catalina.core.StandardService   : Starting service [Tomcat]
2025-02-01T00:28:38.645-05:00  INFO 29116 --- [budgetmanagementapi] [restartedMain] o.apache.catalina.core.StandardEngine    : Starting Servlet engine: [Apache Tomcat/10.1.34]
2025-02-01T00:28:38.658-05:00  INFO 29116 --- [budgetmanagementapi] [restartedMain] o.a.c.c.C.[Tomcat].[localhost].[/]       : Initializing Spring embedded WebApplicationContext
2025-02-01T00:28:38.659-05:00  INFO 29116 --- [budgetmanagementapi] [restartedMain] w.s.c.ServletWebServerApplicationContext : Root WebApplicationContext: initialization completed in 275 ms
2025-02-01T00:28:38.693-05:00  INFO 29116 --- [budgetmanagementapi] [restartedMain] o.hibernate.jpa.internal.util.LogHelper  : HHH000204: Processing PersistenceUnitInfo [name: default]
2025-02-01T00:28:38.697-05:00  INFO 29116 --- [budgetmanagementapi] [restartedMain] o.h.c.internal.RegionFactoryInitiator    : HHH000026: Second-level cache disabled
2025-02-01T00:28:38.706-05:00  INFO 29116 --- [budgetmanagementapi] [restartedMain] o.s.o.j.p.SpringPersistenceUnitInfo      : No LoadTimeWeaver setup: ignoring JPA class transformer
2025-02-01T00:28:38.708-05:00  INFO 29116 --- [budgetmanagementapi] [restartedMain] com.zaxxer.hikari.HikariDataSource       : HikariPool-8 - Starting...
2025-02-01T00:28:38.710-05:00  INFO 29116 --- [budgetmanagementapi] [restartedMain] com.zaxxer.hikari.pool.HikariPool        : HikariPool-8 - Added connection conn100: url=jdbc:h2:mem:BudgetManagementAPI user=ADMIN
2025-02-01T00:28:38.710-05:00  INFO 29116 --- [budgetmanagementapi] [restartedMain] com.zaxxer.hikari.HikariDataSource       : HikariPool-8 - Start completed.
2025-02-01T00:28:38.711-05:00  WARN 29116 --- [budgetmanagementapi] [restartedMain] org.hibernate.orm.deprecation            : HHH90000025: H2Dialect does not need to be specified explicitly using 'hibernate.dialect' (remove the property setting and it will be selected by default)
2025-02-01T00:28:38.712-05:00  INFO 29116 --- [budgetmanagementapi] [restartedMain] org.hibernate.orm.connections.pooling    : HHH10001005: Database info:
	Database JDBC URL [Connecting through datasource 'HikariDataSource (HikariPool-8)']
	Database driver: undefined/unknown
	Database version: 2.3.232
	Autocommit mode: undefined/unknown
	Isolation level: undefined/unknown
	Minimum pool size: undefined/unknown
	Maximum pool size: undefined/unknown
2025-02-01T00:28:38.785-05:00  INFO 29116 --- [budgetmanagementapi] [restartedMain] o.h.e.t.j.p.i.JtaPlatformInitiator       : HHH000489: No JTA platform available (set 'hibernate.transaction.jta.platform' to enable JTA platform integration)
2025-02-01T00:28:38.795-05:00  INFO 29116 --- [budgetmanagementapi] [restartedMain] j.LocalContainerEntityManagerFactoryBean : Initialized JPA EntityManagerFactory for persistence unit 'default'
2025-02-01T00:28:38.872-05:00  WARN 29116 --- [budgetmanagementapi] [restartedMain] JpaBaseConfiguration$JpaWebConfiguration : spring.jpa.open-in-view is enabled by default. Therefore, database queries may be performed during view rendering. Explicitly configure spring.jpa.open-in-view to disable this warning
2025-02-01T00:28:38.960-05:00  INFO 29116 --- [budgetmanagementapi] [restartedMain] r$InitializeUserDetailsManagerConfigurer : Global AuthenticationManager configured with UserDetailsService bean with name userDetailsService
2025-02-01T00:28:38.970-05:00  INFO 29116 --- [budgetmanagementapi] [restartedMain] o.s.b.a.w.s.WelcomePageHandlerMapping    : Adding welcome page: class path resource [static/index.html]
2025-02-01T00:28:39.048-05:00  INFO 29116 --- [budgetmanagementapi] [restartedMain] o.s.b.a.h2.H2ConsoleAutoConfiguration    : H2 console available at '/h2-console'. Database available at 'jdbc:h2:mem:BudgetManagementAPI'
2025-02-01T00:28:39.075-05:00  INFO 29116 --- [budgetmanagementapi] [restartedMain] o.s.b.d.a.OptionalLiveReloadServer       : LiveReload server is running on port 35729
2025-02-01T00:28:39.088-05:00  INFO 29116 --- [budgetmanagementapi] [restartedMain] o.s.b.w.embedded.tomcat.TomcatWebServer  : Tomcat started on port 8080 (http) with context path '/'
2025-02-01T00:28:39.092-05:00  INFO 29116 --- [budgetmanagementapi] [restartedMain] c.v.b.BudgetmanagementapiApplication     : Started BudgetmanagementapiApplication in 0.735 seconds (process running for 9741.643)
2025-02-01T00:28:39.094-05:00  INFO 29116 --- [budgetmanagementapi] [restartedMain] .ConditionEvaluationDeltaLoggingListener : Condition evaluation unchanged
2025-02-01T00:28:45.649-05:00  INFO 29116 --- [budgetmanagementapi] [File Watcher] rtingClassPathChangeChangedEventListener : Restarting due to 1 class path change (0 additions, 0 deletions, 1 modification)
2025-02-01T00:28:45.650-05:00  INFO 29116 --- [budgetmanagementapi] [Thread-32] o.s.b.w.e.tomcat.GracefulShutdown        : Commencing graceful shutdown. Waiting for active requests to complete
2025-02-01T00:28:45.657-05:00  INFO 29116 --- [budgetmanagementapi] [tomcat-shutdown] o.s.b.w.e.tomcat.GracefulShutdown        : Graceful shutdown complete
2025-02-01T00:28:45.659-05:00  INFO 29116 --- [budgetmanagementapi] [Thread-32] j.LocalContainerEntityManagerFactoryBean : Closing JPA EntityManagerFactory for persistence unit 'default'
2025-02-01T00:28:45.661-05:00  WARN 29116 --- [budgetmanagementapi] [Thread-32] o.s.b.f.support.DisposableBeanAdapter    : Invocation of destroy method failed on bean with name 'inMemoryDatabaseShutdownExecutor': org.h2.jdbc.JdbcSQLNonTransientConnectionException: Database is already closed (to disable automatic closing at VM shutdown, add ";DB_CLOSE_ON_EXIT=FALSE" to the db URL) [90121-232]
2025-02-01T00:28:45.661-05:00  INFO 29116 --- [budgetmanagementapi] [Thread-32] com.zaxxer.hikari.HikariDataSource       : HikariPool-8 - Shutdown initiated...
2025-02-01T00:28:45.662-05:00  INFO 29116 --- [budgetmanagementapi] [Thread-32] com.zaxxer.hikari.HikariDataSource       : HikariPool-8 - Shutdown completed.
2025-02-01T00:28:45.740-05:00  INFO 29116 --- [budgetmanagementapi] [restartedMain] c.v.b.BudgetmanagementapiApplication     : Starting BudgetmanagementapiApplication using Java 21.0.1 with PID 29116 (C:\Software Development Vanier 2024\Transactional Web Applications\budgetmanagementapi\target\classes started by uribe in C:\Software Development Vanier 2024\Transactional Web Applications\budgetmanagementapi)
2025-02-01T00:28:45.741-05:00  INFO 29116 --- [budgetmanagementapi] [restartedMain] c.v.b.BudgetmanagementapiApplication     : No active profile set, falling back to 1 default profile: "default"
2025-02-01T00:28:45.897-05:00  INFO 29116 --- [budgetmanagementapi] [restartedMain] .s.d.r.c.RepositoryConfigurationDelegate : Bootstrapping Spring Data JPA repositories in DEFAULT mode.
2025-02-01T00:28:45.909-05:00  INFO 29116 --- [budgetmanagementapi] [restartedMain] .s.d.r.c.RepositoryConfigurationDelegate : Finished Spring Data repository scanning in 10 ms. Found 4 JPA repository interfaces.
2025-02-01T00:28:46.000-05:00  INFO 29116 --- [budgetmanagementapi] [restartedMain] o.s.b.w.embedded.tomcat.TomcatWebServer  : Tomcat initialized with port 8080 (http)
2025-02-01T00:28:46.001-05:00  INFO 29116 --- [budgetmanagementapi] [restartedMain] o.apache.catalina.core.StandardService   : Starting service [Tomcat]
2025-02-01T00:28:46.001-05:00  INFO 29116 --- [budgetmanagementapi] [restartedMain] o.apache.catalina.core.StandardEngine    : Starting Servlet engine: [Apache Tomcat/10.1.34]
2025-02-01T00:28:46.015-05:00  INFO 29116 --- [budgetmanagementapi] [restartedMain] o.a.c.c.C.[Tomcat].[localhost].[/]       : Initializing Spring embedded WebApplicationContext
2025-02-01T00:28:46.016-05:00  INFO 29116 --- [budgetmanagementapi] [restartedMain] w.s.c.ServletWebServerApplicationContext : Root WebApplicationContext: initialization completed in 273 ms
2025-02-01T00:28:46.051-05:00  INFO 29116 --- [budgetmanagementapi] [restartedMain] o.hibernate.jpa.internal.util.LogHelper  : HHH000204: Processing PersistenceUnitInfo [name: default]
2025-02-01T00:28:46.053-05:00  INFO 29116 --- [budgetmanagementapi] [restartedMain] o.h.c.internal.RegionFactoryInitiator    : HHH000026: Second-level cache disabled
2025-02-01T00:28:46.062-05:00  INFO 29116 --- [budgetmanagementapi] [restartedMain] o.s.o.j.p.SpringPersistenceUnitInfo      : No LoadTimeWeaver setup: ignoring JPA class transformer
2025-02-01T00:28:46.063-05:00  INFO 29116 --- [budgetmanagementapi] [restartedMain] com.zaxxer.hikari.HikariDataSource       : HikariPool-9 - Starting...
2025-02-01T00:28:46.065-05:00  INFO 29116 --- [budgetmanagementapi] [restartedMain] com.zaxxer.hikari.pool.HikariPool        : HikariPool-9 - Added connection conn110: url=jdbc:h2:mem:BudgetManagementAPI user=ADMIN
2025-02-01T00:28:46.065-05:00  INFO 29116 --- [budgetmanagementapi] [restartedMain] com.zaxxer.hikari.HikariDataSource       : HikariPool-9 - Start completed.
2025-02-01T00:28:46.066-05:00  WARN 29116 --- [budgetmanagementapi] [restartedMain] org.hibernate.orm.deprecation            : HHH90000025: H2Dialect does not need to be specified explicitly using 'hibernate.dialect' (remove the property setting and it will be selected by default)
2025-02-01T00:28:46.066-05:00  INFO 29116 --- [budgetmanagementapi] [restartedMain] org.hibernate.orm.connections.pooling    : HHH10001005: Database info:
	Database JDBC URL [Connecting through datasource 'HikariDataSource (HikariPool-9)']
	Database driver: undefined/unknown
	Database version: 2.3.232
	Autocommit mode: undefined/unknown
	Isolation level: undefined/unknown
	Minimum pool size: undefined/unknown
	Maximum pool size: undefined/unknown
2025-02-01T00:28:46.136-05:00  INFO 29116 --- [budgetmanagementapi] [restartedMain] o.h.e.t.j.p.i.JtaPlatformInitiator       : HHH000489: No JTA platform available (set 'hibernate.transaction.jta.platform' to enable JTA platform integration)
2025-02-01T00:28:46.144-05:00  INFO 29116 --- [budgetmanagementapi] [restartedMain] j.LocalContainerEntityManagerFactoryBean : Initialized JPA EntityManagerFactory for persistence unit 'default'
2025-02-01T00:28:46.229-05:00  WARN 29116 --- [budgetmanagementapi] [restartedMain] JpaBaseConfiguration$JpaWebConfiguration : spring.jpa.open-in-view is enabled by default. Therefore, database queries may be performed during view rendering. Explicitly configure spring.jpa.open-in-view to disable this warning
2025-02-01T00:28:46.332-05:00  INFO 29116 --- [budgetmanagementapi] [restartedMain] r$InitializeUserDetailsManagerConfigurer : Global AuthenticationManager configured with UserDetailsService bean with name userDetailsService
2025-02-01T00:28:46.344-05:00  INFO 29116 --- [budgetmanagementapi] [restartedMain] o.s.b.a.w.s.WelcomePageHandlerMapping    : Adding welcome page: class path resource [static/index.html]
2025-02-01T00:28:46.450-05:00  INFO 29116 --- [budgetmanagementapi] [restartedMain] o.s.b.a.h2.H2ConsoleAutoConfiguration    : H2 console available at '/h2-console'. Database available at 'jdbc:h2:mem:BudgetManagementAPI'
2025-02-01T00:28:46.475-05:00  INFO 29116 --- [budgetmanagementapi] [restartedMain] o.s.b.d.a.OptionalLiveReloadServer       : LiveReload server is running on port 35729
2025-02-01T00:28:46.486-05:00  INFO 29116 --- [budgetmanagementapi] [restartedMain] o.s.b.w.embedded.tomcat.TomcatWebServer  : Tomcat started on port 8080 (http) with context path '/'
2025-02-01T00:28:46.489-05:00  INFO 29116 --- [budgetmanagementapi] [restartedMain] c.v.b.BudgetmanagementapiApplication     : Started BudgetmanagementapiApplication in 0.771 seconds (process running for 9749.04)
2025-02-01T00:28:46.492-05:00  INFO 29116 --- [budgetmanagementapi] [restartedMain] .ConditionEvaluationDeltaLoggingListener : Condition evaluation unchanged
2025-02-01T00:29:03.195-05:00  INFO 29116 --- [budgetmanagementapi] [File Watcher] rtingClassPathChangeChangedEventListener : Restarting due to 1 class path change (0 additions, 0 deletions, 1 modification)
2025-02-01T00:29:03.197-05:00  INFO 29116 --- [budgetmanagementapi] [Thread-36] o.s.b.w.e.tomcat.GracefulShutdown        : Commencing graceful shutdown. Waiting for active requests to complete
2025-02-01T00:29:03.205-05:00  INFO 29116 --- [budgetmanagementapi] [tomcat-shutdown] o.s.b.w.e.tomcat.GracefulShutdown        : Graceful shutdown complete
2025-02-01T00:29:03.209-05:00  INFO 29116 --- [budgetmanagementapi] [Thread-36] j.LocalContainerEntityManagerFactoryBean : Closing JPA EntityManagerFactory for persistence unit 'default'
2025-02-01T00:29:03.212-05:00  WARN 29116 --- [budgetmanagementapi] [Thread-36] o.s.b.f.support.DisposableBeanAdapter    : Invocation of destroy method failed on bean with name 'inMemoryDatabaseShutdownExecutor': org.h2.jdbc.JdbcSQLNonTransientConnectionException: Database is already closed (to disable automatic closing at VM shutdown, add ";DB_CLOSE_ON_EXIT=FALSE" to the db URL) [90121-232]
2025-02-01T00:29:03.215-05:00  INFO 29116 --- [budgetmanagementapi] [Thread-36] com.zaxxer.hikari.HikariDataSource       : HikariPool-9 - Shutdown initiated...
2025-02-01T00:29:03.215-05:00  INFO 29116 --- [budgetmanagementapi] [Thread-36] com.zaxxer.hikari.HikariDataSource       : HikariPool-9 - Shutdown completed.
2025-02-01T00:29:03.316-05:00  INFO 29116 --- [budgetmanagementapi] [restartedMain] c.v.b.BudgetmanagementapiApplication     : Starting BudgetmanagementapiApplication using Java 21.0.1 with PID 29116 (C:\Software Development Vanier 2024\Transactional Web Applications\budgetmanagementapi\target\classes started by uribe in C:\Software Development Vanier 2024\Transactional Web Applications\budgetmanagementapi)
2025-02-01T00:29:03.317-05:00  INFO 29116 --- [budgetmanagementapi] [restartedMain] c.v.b.BudgetmanagementapiApplication     : No active profile set, falling back to 1 default profile: "default"
2025-02-01T00:29:03.568-05:00  INFO 29116 --- [budgetmanagementapi] [restartedMain] .s.d.r.c.RepositoryConfigurationDelegate : Bootstrapping Spring Data JPA repositories in DEFAULT mode.
2025-02-01T00:29:03.578-05:00  INFO 29116 --- [budgetmanagementapi] [restartedMain] .s.d.r.c.RepositoryConfigurationDelegate : Finished Spring Data repository scanning in 17 ms. Found 4 JPA repository interfaces.
2025-02-01T00:29:03.734-05:00  INFO 29116 --- [budgetmanagementapi] [restartedMain] o.s.b.w.embedded.tomcat.TomcatWebServer  : Tomcat initialized with port 8080 (http)
2025-02-01T00:29:03.735-05:00  INFO 29116 --- [budgetmanagementapi] [restartedMain] o.apache.catalina.core.StandardService   : Starting service [Tomcat]
2025-02-01T00:29:03.736-05:00  INFO 29116 --- [budgetmanagementapi] [restartedMain] o.apache.catalina.core.StandardEngine    : Starting Servlet engine: [Apache Tomcat/10.1.34]
2025-02-01T00:29:03.749-05:00  INFO 29116 --- [budgetmanagementapi] [restartedMain] o.a.c.c.C.[Tomcat].[localhost].[/]       : Initializing Spring embedded WebApplicationContext
2025-02-01T00:29:03.749-05:00  INFO 29116 --- [budgetmanagementapi] [restartedMain] w.s.c.ServletWebServerApplicationContext : Root WebApplicationContext: initialization completed in 430 ms
2025-02-01T00:29:03.813-05:00  INFO 29116 --- [budgetmanagementapi] [restartedMain] o.hibernate.jpa.internal.util.LogHelper  : HHH000204: Processing PersistenceUnitInfo [name: default]
2025-02-01T00:29:03.818-05:00  INFO 29116 --- [budgetmanagementapi] [restartedMain] o.h.c.internal.RegionFactoryInitiator    : HHH000026: Second-level cache disabled
2025-02-01T00:29:03.831-05:00  INFO 29116 --- [budgetmanagementapi] [restartedMain] o.s.o.j.p.SpringPersistenceUnitInfo      : No LoadTimeWeaver setup: ignoring JPA class transformer
2025-02-01T00:29:03.833-05:00  INFO 29116 --- [budgetmanagementapi] [restartedMain] com.zaxxer.hikari.HikariDataSource       : HikariPool-10 - Starting...
2025-02-01T00:29:03.839-05:00  INFO 29116 --- [budgetmanagementapi] [restartedMain] com.zaxxer.hikari.pool.HikariPool        : HikariPool-10 - Added connection conn120: url=jdbc:h2:mem:BudgetManagementAPI user=ADMIN
2025-02-01T00:29:03.840-05:00  INFO 29116 --- [budgetmanagementapi] [restartedMain] com.zaxxer.hikari.HikariDataSource       : HikariPool-10 - Start completed.
2025-02-01T00:29:03.842-05:00  WARN 29116 --- [budgetmanagementapi] [restartedMain] org.hibernate.orm.deprecation            : HHH90000025: H2Dialect does not need to be specified explicitly using 'hibernate.dialect' (remove the property setting and it will be selected by default)
2025-02-01T00:29:03.842-05:00  INFO 29116 --- [budgetmanagementapi] [restartedMain] org.hibernate.orm.connections.pooling    : HHH10001005: Database info:
	Database JDBC URL [Connecting through datasource 'HikariDataSource (HikariPool-10)']
	Database driver: undefined/unknown
	Database version: 2.3.232
	Autocommit mode: undefined/unknown
	Isolation level: undefined/unknown
	Minimum pool size: undefined/unknown
	Maximum pool size: undefined/unknown
2025-02-01T00:29:03.947-05:00  INFO 29116 --- [budgetmanagementapi] [restartedMain] o.h.e.t.j.p.i.JtaPlatformInitiator       : HHH000489: No JTA platform available (set 'hibernate.transaction.jta.platform' to enable JTA platform integration)
2025-02-01T00:29:03.947-05:00  INFO 29116 --- [budgetmanagementapi] [restartedMain] j.LocalContainerEntityManagerFactoryBean : Initialized JPA EntityManagerFactory for persistence unit 'default'
2025-02-01T00:29:04.087-05:00  WARN 29116 --- [budgetmanagementapi] [restartedMain] JpaBaseConfiguration$JpaWebConfiguration : spring.jpa.open-in-view is enabled by default. Therefore, database queries may be performed during view rendering. Explicitly configure spring.jpa.open-in-view to disable this warning
2025-02-01T00:29:04.243-05:00  INFO 29116 --- [budgetmanagementapi] [restartedMain] r$InitializeUserDetailsManagerConfigurer : Global AuthenticationManager configured with UserDetailsService bean with name userDetailsService
2025-02-01T00:29:04.257-05:00  INFO 29116 --- [budgetmanagementapi] [restartedMain] o.s.b.a.w.s.WelcomePageHandlerMapping    : Adding welcome page: class path resource [static/index.html]
2025-02-01T00:29:04.419-05:00  INFO 29116 --- [budgetmanagementapi] [restartedMain] o.s.b.a.h2.H2ConsoleAutoConfiguration    : H2 console available at '/h2-console'. Database available at 'jdbc:h2:mem:BudgetManagementAPI'
2025-02-01T00:29:04.454-05:00  INFO 29116 --- [budgetmanagementapi] [restartedMain] o.s.b.d.a.OptionalLiveReloadServer       : LiveReload server is running on port 35729
2025-02-01T00:29:04.471-05:00  INFO 29116 --- [budgetmanagementapi] [restartedMain] o.s.b.w.embedded.tomcat.TomcatWebServer  : Tomcat started on port 8080 (http) with context path '/'
2025-02-01T00:29:04.473-05:00  INFO 29116 --- [budgetmanagementapi] [restartedMain] c.v.b.BudgetmanagementapiApplication     : Started BudgetmanagementapiApplication in 1.187 seconds (process running for 9767.026)
2025-02-01T00:29:04.480-05:00  INFO 29116 --- [budgetmanagementapi] [restartedMain] .ConditionEvaluationDeltaLoggingListener : Condition evaluation unchanged
2025-02-01T00:29:06.885-05:00  INFO 29116 --- [budgetmanagementapi] [File Watcher] rtingClassPathChangeChangedEventListener : Restarting due to 1 class path change (0 additions, 0 deletions, 1 modification)
2025-02-01T00:29:06.885-05:00  INFO 29116 --- [budgetmanagementapi] [Thread-40] o.s.b.w.e.tomcat.GracefulShutdown        : Commencing graceful shutdown. Waiting for active requests to complete
2025-02-01T00:29:06.885-05:00  INFO 29116 --- [budgetmanagementapi] [tomcat-shutdown] o.s.b.w.e.tomcat.GracefulShutdown        : Graceful shutdown complete
2025-02-01T00:29:06.898-05:00  INFO 29116 --- [budgetmanagementapi] [Thread-40] j.LocalContainerEntityManagerFactoryBean : Closing JPA EntityManagerFactory for persistence unit 'default'
2025-02-01T00:29:06.899-05:00  WARN 29116 --- [budgetmanagementapi] [Thread-40] o.s.b.f.support.DisposableBeanAdapter    : Invocation of destroy method failed on bean with name 'inMemoryDatabaseShutdownExecutor': org.h2.jdbc.JdbcSQLNonTransientConnectionException: Database is already closed (to disable automatic closing at VM shutdown, add ";DB_CLOSE_ON_EXIT=FALSE" to the db URL) [90121-232]
2025-02-01T00:29:06.899-05:00  INFO 29116 --- [budgetmanagementapi] [Thread-40] com.zaxxer.hikari.HikariDataSource       : HikariPool-10 - Shutdown initiated...
2025-02-01T00:29:06.899-05:00  INFO 29116 --- [budgetmanagementapi] [Thread-40] com.zaxxer.hikari.HikariDataSource       : HikariPool-10 - Shutdown completed.
2025-02-01T00:29:06.984-05:00  INFO 29116 --- [budgetmanagementapi] [restartedMain] c.v.b.BudgetmanagementapiApplication     : Starting BudgetmanagementapiApplication using Java 21.0.1 with PID 29116 (C:\Software Development Vanier 2024\Transactional Web Applications\budgetmanagementapi\target\classes started by uribe in C:\Software Development Vanier 2024\Transactional Web Applications\budgetmanagementapi)
2025-02-01T00:29:06.985-05:00  INFO 29116 --- [budgetmanagementapi] [restartedMain] c.v.b.BudgetmanagementapiApplication     : No active profile set, falling back to 1 default profile: "default"
2025-02-01T00:29:07.181-05:00  INFO 29116 --- [budgetmanagementapi] [restartedMain] .s.d.r.c.RepositoryConfigurationDelegate : Bootstrapping Spring Data JPA repositories in DEFAULT mode.
2025-02-01T00:29:07.197-05:00  INFO 29116 --- [budgetmanagementapi] [restartedMain] .s.d.r.c.RepositoryConfigurationDelegate : Finished Spring Data repository scanning in 15 ms. Found 4 JPA repository interfaces.
2025-02-01T00:29:07.405-05:00  INFO 29116 --- [budgetmanagementapi] [restartedMain] o.s.b.w.embedded.tomcat.TomcatWebServer  : Tomcat initialized with port 8080 (http)
2025-02-01T00:29:07.407-05:00  INFO 29116 --- [budgetmanagementapi] [restartedMain] o.apache.catalina.core.StandardService   : Starting service [Tomcat]
2025-02-01T00:29:07.408-05:00  INFO 29116 --- [budgetmanagementapi] [restartedMain] o.apache.catalina.core.StandardEngine    : Starting Servlet engine: [Apache Tomcat/10.1.34]
2025-02-01T00:29:07.442-05:00  INFO 29116 --- [budgetmanagementapi] [restartedMain] o.a.c.c.C.[Tomcat].[localhost].[/]       : Initializing Spring embedded WebApplicationContext
2025-02-01T00:29:07.444-05:00  INFO 29116 --- [budgetmanagementapi] [restartedMain] w.s.c.ServletWebServerApplicationContext : Root WebApplicationContext: initialization completed in 457 ms
2025-02-01T00:29:07.505-05:00  INFO 29116 --- [budgetmanagementapi] [restartedMain] o.hibernate.jpa.internal.util.LogHelper  : HHH000204: Processing PersistenceUnitInfo [name: default]
2025-02-01T00:29:07.512-05:00  INFO 29116 --- [budgetmanagementapi] [restartedMain] o.h.c.internal.RegionFactoryInitiator    : HHH000026: Second-level cache disabled
2025-02-01T00:29:07.532-05:00  INFO 29116 --- [budgetmanagementapi] [restartedMain] o.s.o.j.p.SpringPersistenceUnitInfo      : No LoadTimeWeaver setup: ignoring JPA class transformer
2025-02-01T00:29:07.537-05:00  INFO 29116 --- [budgetmanagementapi] [restartedMain] com.zaxxer.hikari.HikariDataSource       : HikariPool-11 - Starting...
2025-02-01T00:29:07.543-05:00  INFO 29116 --- [budgetmanagementapi] [restartedMain] com.zaxxer.hikari.pool.HikariPool        : HikariPool-11 - Added connection conn130: url=jdbc:h2:mem:BudgetManagementAPI user=ADMIN
2025-02-01T00:29:07.544-05:00  INFO 29116 --- [budgetmanagementapi] [restartedMain] com.zaxxer.hikari.HikariDataSource       : HikariPool-11 - Start completed.
2025-02-01T00:29:07.546-05:00  WARN 29116 --- [budgetmanagementapi] [restartedMain] org.hibernate.orm.deprecation            : HHH90000025: H2Dialect does not need to be specified explicitly using 'hibernate.dialect' (remove the property setting and it will be selected by default)
2025-02-01T00:29:07.546-05:00  INFO 29116 --- [budgetmanagementapi] [restartedMain] org.hibernate.orm.connections.pooling    : HHH10001005: Database info:
	Database JDBC URL [Connecting through datasource 'HikariDataSource (HikariPool-11)']
	Database driver: undefined/unknown
	Database version: 2.3.232
	Autocommit mode: undefined/unknown
	Isolation level: undefined/unknown
	Minimum pool size: undefined/unknown
	Maximum pool size: undefined/unknown
2025-02-01T00:29:07.675-05:00  INFO 29116 --- [budgetmanagementapi] [restartedMain] o.h.e.t.j.p.i.JtaPlatformInitiator       : HHH000489: No JTA platform available (set 'hibernate.transaction.jta.platform' to enable JTA platform integration)
2025-02-01T00:29:07.695-05:00  INFO 29116 --- [budgetmanagementapi] [restartedMain] j.LocalContainerEntityManagerFactoryBean : Initialized JPA EntityManagerFactory for persistence unit 'default'
2025-02-01T00:29:07.826-05:00  WARN 29116 --- [budgetmanagementapi] [restartedMain] JpaBaseConfiguration$JpaWebConfiguration : spring.jpa.open-in-view is enabled by default. Therefore, database queries may be performed during view rendering. Explicitly configure spring.jpa.open-in-view to disable this warning
2025-02-01T00:29:07.975-05:00  INFO 29116 --- [budgetmanagementapi] [restartedMain] r$InitializeUserDetailsManagerConfigurer : Global AuthenticationManager configured with UserDetailsService bean with name userDetailsService
2025-02-01T00:29:07.975-05:00  INFO 29116 --- [budgetmanagementapi] [restartedMain] o.s.b.a.w.s.WelcomePageHandlerMapping    : Adding welcome page: class path resource [static/index.html]
2025-02-01T00:29:08.096-05:00  INFO 29116 --- [budgetmanagementapi] [restartedMain] o.s.b.a.h2.H2ConsoleAutoConfiguration    : H2 console available at '/h2-console'. Database available at 'jdbc:h2:mem:BudgetManagementAPI'
2025-02-01T00:29:08.126-05:00  INFO 29116 --- [budgetmanagementapi] [restartedMain] o.s.b.d.a.OptionalLiveReloadServer       : LiveReload server is running on port 35729
2025-02-01T00:29:08.144-05:00  INFO 29116 --- [budgetmanagementapi] [restartedMain] o.s.b.w.embedded.tomcat.TomcatWebServer  : Tomcat started on port 8080 (http) with context path '/'
2025-02-01T00:29:08.144-05:00  INFO 29116 --- [budgetmanagementapi] [restartedMain] c.v.b.BudgetmanagementapiApplication     : Started BudgetmanagementapiApplication in 1.184 seconds (process running for 9770.698)
2025-02-01T00:29:08.144-05:00  INFO 29116 --- [budgetmanagementapi] [restartedMain] .ConditionEvaluationDeltaLoggingListener : Condition evaluation unchanged
2025-02-01T00:29:10.918-05:00  INFO 29116 --- [budgetmanagementapi] [http-nio-8080-exec-3] o.a.c.c.C.[Tomcat].[localhost].[/]       : Initializing Spring DispatcherServlet 'dispatcherServlet'
2025-02-01T00:29:10.918-05:00  INFO 29116 --- [budgetmanagementapi] [http-nio-8080-exec-3] o.s.web.servlet.DispatcherServlet        : Initializing Servlet 'dispatcherServlet'
2025-02-01T00:29:10.918-05:00  INFO 29116 --- [budgetmanagementapi] [http-nio-8080-exec-3] o.s.web.servlet.DispatcherServlet        : Completed initialization in 0 ms
2025-02-01T00:29:20.786-05:00  INFO 29116 --- [budgetmanagementapi] [SpringApplicationShutdownHook] o.s.b.w.e.tomcat.GracefulShutdown        : Commencing graceful shutdown. Waiting for active requests to complete
2025-02-01T00:29:20.795-05:00  INFO 29116 --- [budgetmanagementapi] [tomcat-shutdown] o.s.b.w.e.tomcat.GracefulShutdown        : Graceful shutdown complete
2025-02-01T00:29:20.797-05:00  INFO 29116 --- [budgetmanagementapi] [SpringApplicationShutdownHook] j.LocalContainerEntityManagerFactoryBean : Closing JPA EntityManagerFactory for persistence unit 'default'
2025-02-01T00:29:20.799-05:00  WARN 29116 --- [budgetmanagementapi] [SpringApplicationShutdownHook] o.s.b.f.support.DisposableBeanAdapter    : Invocation of destroy method failed on bean with name 'inMemoryDatabaseShutdownExecutor': org.h2.jdbc.JdbcSQLNonTransientConnectionException: Database is already closed (to disable automatic closing at VM shutdown, add ";DB_CLOSE_ON_EXIT=FALSE" to the db URL) [90121-232]
2025-02-01T00:29:20.800-05:00  INFO 29116 --- [budgetmanagementapi] [SpringApplicationShutdownHook] com.zaxxer.hikari.HikariDataSource       : HikariPool-11 - Shutdown initiated...
2025-02-01T00:29:20.801-05:00  INFO 29116 --- [budgetmanagementapi] [SpringApplicationShutdownHook] com.zaxxer.hikari.HikariDataSource       : HikariPool-11 - Shutdown completed.
2025-02-01T00:29:37.959-05:00  INFO 24100 --- [budgetmanagementapi] [main] .v.b.BudgetmanagementapiApplicationTests : Starting BudgetmanagementapiApplicationTests using Java 21.0.1 with PID 24100 (started by uribe in C:\Software Development Vanier 2024\Transactional Web Applications\budgetmanagementapi)
2025-02-01T00:29:37.961-05:00  INFO 24100 --- [budgetmanagementapi] [main] .v.b.BudgetmanagementapiApplicationTests : No active profile set, falling back to 1 default profile: "default"
2025-02-01T00:29:39.530-05:00  INFO 24100 --- [budgetmanagementapi] [main] .s.d.r.c.RepositoryConfigurationDelegate : Bootstrapping Spring Data JPA repositories in DEFAULT mode.
2025-02-01T00:29:39.667-05:00  INFO 24100 --- [budgetmanagementapi] [main] .s.d.r.c.RepositoryConfigurationDelegate : Finished Spring Data repository scanning in 105 ms. Found 4 JPA repository interfaces.
2025-02-01T00:29:40.673-05:00  INFO 24100 --- [budgetmanagementapi] [main] o.hibernate.jpa.internal.util.LogHelper  : HHH000204: Processing PersistenceUnitInfo [name: default]
2025-02-01T00:29:40.851-05:00  INFO 24100 --- [budgetmanagementapi] [main] org.hibernate.Version                    : HHH000412: Hibernate ORM core version 6.6.5.Final
2025-02-01T00:29:40.926-05:00  INFO 24100 --- [budgetmanagementapi] [main] o.h.c.internal.RegionFactoryInitiator    : HHH000026: Second-level cache disabled
2025-02-01T00:29:41.577-05:00  INFO 24100 --- [budgetmanagementapi] [main] o.s.o.j.p.SpringPersistenceUnitInfo      : No LoadTimeWeaver setup: ignoring JPA class transformer
2025-02-01T00:29:41.666-05:00  INFO 24100 --- [budgetmanagementapi] [main] com.zaxxer.hikari.HikariDataSource       : HikariPool-1 - Starting...
2025-02-01T00:29:42.005-05:00  INFO 24100 --- [budgetmanagementapi] [main] com.zaxxer.hikari.pool.HikariPool        : HikariPool-1 - Added connection conn0: url=jdbc:h2:mem:BudgetManagementAPI user=ADMIN
2025-02-01T00:29:42.018-05:00  INFO 24100 --- [budgetmanagementapi] [main] com.zaxxer.hikari.HikariDataSource       : HikariPool-1 - Start completed.
2025-02-01T00:29:42.072-05:00  WARN 24100 --- [budgetmanagementapi] [main] org.hibernate.orm.deprecation            : HHH90000025: H2Dialect does not need to be specified explicitly using 'hibernate.dialect' (remove the property setting and it will be selected by default)
2025-02-01T00:29:42.112-05:00  INFO 24100 --- [budgetmanagementapi] [main] org.hibernate.orm.connections.pooling    : HHH10001005: Database info:
	Database JDBC URL [Connecting through datasource 'HikariDataSource (HikariPool-1)']
	Database driver: undefined/unknown
	Database version: 2.3.232
	Autocommit mode: undefined/unknown
	Isolation level: undefined/unknown
	Minimum pool size: undefined/unknown
	Maximum pool size: undefined/unknown
2025-02-01T00:29:43.589-05:00  INFO 24100 --- [budgetmanagementapi] [main] o.h.e.t.j.p.i.JtaPlatformInitiator       : HHH000489: No JTA platform available (set 'hibernate.transaction.jta.platform' to enable JTA platform integration)
2025-02-01T00:29:43.673-05:00  INFO 24100 --- [budgetmanagementapi] [main] j.LocalContainerEntityManagerFactoryBean : Initialized JPA EntityManagerFactory for persistence unit 'default'
2025-02-01T00:29:44.354-05:00  WARN 24100 --- [budgetmanagementapi] [main] JpaBaseConfiguration$JpaWebConfiguration : spring.jpa.open-in-view is enabled by default. Therefore, database queries may be performed during view rendering. Explicitly configure spring.jpa.open-in-view to disable this warning
2025-02-01T00:29:44.596-05:00  INFO 24100 --- [budgetmanagementapi] [main] r$InitializeUserDetailsManagerConfigurer : Global AuthenticationManager configured with UserDetailsService bean with name userDetailsService
2025-02-01T00:29:44.788-05:00  INFO 24100 --- [budgetmanagementapi] [main] o.s.b.a.w.s.WelcomePageHandlerMapping    : Adding welcome page: class path resource [static/index.html]
2025-02-01T00:29:45.707-05:00  INFO 24100 --- [budgetmanagementapi] [main] o.s.b.a.h2.H2ConsoleAutoConfiguration    : H2 console available at '/h2-console'. Database available at 'jdbc:h2:mem:BudgetManagementAPI'
2025-02-01T00:29:45.878-05:00  INFO 24100 --- [budgetmanagementapi] [main] .v.b.BudgetmanagementapiApplicationTests : Started BudgetmanagementapiApplicationTests in 8.644 seconds (process running for 10.806)
2025-02-01T00:29:46.816-05:00  INFO 24100 --- [budgetmanagementapi] [SpringApplicationShutdownHook] j.LocalContainerEntityManagerFactoryBean : Closing JPA EntityManagerFactory for persistence unit 'default'
2025-02-01T00:29:46.837-05:00  INFO 24100 --- [budgetmanagementapi] [SpringApplicationShutdownHook] com.zaxxer.hikari.HikariDataSource       : HikariPool-1 - Shutdown initiated...
2025-02-01T00:29:46.839-05:00  INFO 24100 --- [budgetmanagementapi] [SpringApplicationShutdownHook] com.zaxxer.hikari.HikariDataSource       : HikariPool-1 - Shutdown completed.
2025-02-01T00:30:07.664-05:00  INFO 30504 --- [budgetmanagementapi] [restartedMain] c.v.b.BudgetmanagementapiApplication     : Starting BudgetmanagementapiApplication using Java 21.0.1 with PID 30504 (C:\Software Development Vanier 2024\Transactional Web Applications\budgetmanagementapi\target\classes started by uribe in C:\Software Development Vanier 2024\Transactional Web Applications\budgetmanagementapi)
2025-02-01T00:30:07.669-05:00  INFO 30504 --- [budgetmanagementapi] [restartedMain] c.v.b.BudgetmanagementapiApplication     : No active profile set, falling back to 1 default profile: "default"
2025-02-01T00:30:07.772-05:00  INFO 30504 --- [budgetmanagementapi] [restartedMain] .e.DevToolsPropertyDefaultsPostProcessor : Devtools property defaults active! Set 'spring.devtools.add-properties' to 'false' to disable
2025-02-01T00:30:07.772-05:00  INFO 30504 --- [budgetmanagementapi] [restartedMain] .e.DevToolsPropertyDefaultsPostProcessor : For additional web related logging consider setting the 'logging.level.web' property to 'DEBUG'
2025-02-01T00:30:08.699-05:00  INFO 30504 --- [budgetmanagementapi] [restartedMain] .s.d.r.c.RepositoryConfigurationDelegate : Bootstrapping Spring Data JPA repositories in DEFAULT mode.
2025-02-01T00:30:08.797-05:00  INFO 30504 --- [budgetmanagementapi] [restartedMain] .s.d.r.c.RepositoryConfigurationDelegate : Finished Spring Data repository scanning in 80 ms. Found 4 JPA repository interfaces.
2025-02-01T00:30:09.609-05:00  INFO 30504 --- [budgetmanagementapi] [restartedMain] o.s.b.w.embedded.tomcat.TomcatWebServer  : Tomcat initialized with port 8080 (http)
2025-02-01T00:30:09.634-05:00  INFO 30504 --- [budgetmanagementapi] [restartedMain] o.apache.catalina.core.StandardService   : Starting service [Tomcat]
2025-02-01T00:30:09.634-05:00  INFO 30504 --- [budgetmanagementapi] [restartedMain] o.apache.catalina.core.StandardEngine    : Starting Servlet engine: [Apache Tomcat/10.1.34]
2025-02-01T00:30:09.694-05:00  INFO 30504 --- [budgetmanagementapi] [restartedMain] o.a.c.c.C.[Tomcat].[localhost].[/]       : Initializing Spring embedded WebApplicationContext
2025-02-01T00:30:09.694-05:00  INFO 30504 --- [budgetmanagementapi] [restartedMain] w.s.c.ServletWebServerApplicationContext : Root WebApplicationContext: initialization completed in 1922 ms
2025-02-01T00:30:09.899-05:00  INFO 30504 --- [budgetmanagementapi] [restartedMain] o.hibernate.jpa.internal.util.LogHelper  : HHH000204: Processing PersistenceUnitInfo [name: default]
2025-02-01T00:30:09.966-05:00  INFO 30504 --- [budgetmanagementapi] [restartedMain] org.hibernate.Version                    : HHH000412: Hibernate ORM core version 6.6.5.Final
2025-02-01T00:30:10.008-05:00  INFO 30504 --- [budgetmanagementapi] [restartedMain] o.h.c.internal.RegionFactoryInitiator    : HHH000026: Second-level cache disabled
2025-02-01T00:30:10.349-05:00  INFO 30504 --- [budgetmanagementapi] [restartedMain] o.s.o.j.p.SpringPersistenceUnitInfo      : No LoadTimeWeaver setup: ignoring JPA class transformer
2025-02-01T00:30:10.376-05:00  INFO 30504 --- [budgetmanagementapi] [restartedMain] com.zaxxer.hikari.HikariDataSource       : HikariPool-1 - Starting...
2025-02-01T00:30:10.572-05:00  INFO 30504 --- [budgetmanagementapi] [restartedMain] com.zaxxer.hikari.pool.HikariPool        : HikariPool-1 - Added connection conn0: url=jdbc:h2:mem:BudgetManagementAPI user=ADMIN
2025-02-01T00:30:10.588-05:00  INFO 30504 --- [budgetmanagementapi] [restartedMain] com.zaxxer.hikari.HikariDataSource       : HikariPool-1 - Start completed.
2025-02-01T00:30:10.610-05:00  WARN 30504 --- [budgetmanagementapi] [restartedMain] org.hibernate.orm.deprecation            : HHH90000025: H2Dialect does not need to be specified explicitly using 'hibernate.dialect' (remove the property setting and it will be selected by default)
2025-02-01T00:30:10.639-05:00  INFO 30504 --- [budgetmanagementapi] [restartedMain] org.hibernate.orm.connections.pooling    : HHH10001005: Database info:
	Database JDBC URL [Connecting through datasource 'HikariDataSource (HikariPool-1)']
	Database driver: undefined/unknown
	Database version: 2.3.232
	Autocommit mode: undefined/unknown
	Isolation level: undefined/unknown
	Minimum pool size: undefined/unknown
	Maximum pool size: undefined/unknown
2025-02-01T00:30:11.633-05:00  INFO 30504 --- [budgetmanagementapi] [restartedMain] o.h.e.t.j.p.i.JtaPlatformInitiator       : HHH000489: No JTA platform available (set 'hibernate.transaction.jta.platform' to enable JTA platform integration)
2025-02-01T00:30:11.700-05:00  INFO 30504 --- [budgetmanagementapi] [restartedMain] j.LocalContainerEntityManagerFactoryBean : Initialized JPA EntityManagerFactory for persistence unit 'default'
2025-02-01T00:30:12.043-05:00  WARN 30504 --- [budgetmanagementapi] [restartedMain] JpaBaseConfiguration$JpaWebConfiguration : spring.jpa.open-in-view is enabled by default. Therefore, database queries may be performed during view rendering. Explicitly configure spring.jpa.open-in-view to disable this warning
2025-02-01T00:30:12.187-05:00  INFO 30504 --- [budgetmanagementapi] [restartedMain] r$InitializeUserDetailsManagerConfigurer : Global AuthenticationManager configured with UserDetailsService bean with name userDetailsService
2025-02-01T00:30:12.272-05:00  INFO 30504 --- [budgetmanagementapi] [restartedMain] o.s.b.a.w.s.WelcomePageHandlerMapping    : Adding welcome page: class path resource [static/index.html]
2025-02-01T00:30:12.644-05:00  INFO 30504 --- [budgetmanagementapi] [restartedMain] o.s.b.a.h2.H2ConsoleAutoConfiguration    : H2 console available at '/h2-console'. Database available at 'jdbc:h2:mem:BudgetManagementAPI'
2025-02-01T00:30:12.772-05:00  INFO 30504 --- [budgetmanagementapi] [restartedMain] o.s.b.d.a.OptionalLiveReloadServer       : LiveReload server is running on port 35729
2025-02-01T00:30:12.834-05:00  INFO 30504 --- [budgetmanagementapi] [restartedMain] o.s.b.w.embedded.tomcat.TomcatWebServer  : Tomcat started on port 8080 (http) with context path '/'
2025-02-01T00:30:12.848-05:00  INFO 30504 --- [budgetmanagementapi] [restartedMain] c.v.b.BudgetmanagementapiApplication     : Started BudgetmanagementapiApplication in 5.984 seconds (process running for 6.619)
2025-02-01T00:35:40.654-05:00  INFO 30504 --- [budgetmanagementapi] [http-nio-8080-exec-1] o.a.c.c.C.[Tomcat].[localhost].[/]       : Initializing Spring DispatcherServlet 'dispatcherServlet'
2025-02-01T00:35:40.654-05:00  INFO 30504 --- [budgetmanagementapi] [http-nio-8080-exec-1] o.s.web.servlet.DispatcherServlet        : Initializing Servlet 'dispatcherServlet'
2025-02-01T00:35:40.654-05:00  INFO 30504 --- [budgetmanagementapi] [http-nio-8080-exec-1] o.s.web.servlet.DispatcherServlet        : Completed initialization in 0 ms
2025-02-01T00:35:41.022-05:00  INFO 30504 --- [budgetmanagementapi] [http-nio-8080-exec-1] c.v.b.services.UserServiceImpl           : Saving user: null
2025-02-01T00:35:52.798-05:00  INFO 30504 --- [budgetmanagementapi] [http-nio-8080-exec-3] c.v.b.services.CategoryServiceImpl       : Saving category: null
2025-02-01T00:35:58.576-05:00  INFO 30504 --- [budgetmanagementapi] [http-nio-8080-exec-8] c.v.b.services.CategoryServiceImpl       : Saving category: null
2025-02-01T00:36:04.668-05:00  INFO 30504 --- [budgetmanagementapi] [http-nio-8080-exec-10] c.v.b.services.CategoryServiceImpl       : Saving category: null
2025-02-01T00:36:20.320-05:00  INFO 30504 --- [budgetmanagementapi] [http-nio-8080-exec-6] c.v.b.services.TransactionServiceImpl    : Saving transaction: null
2025-02-01T00:36:25.759-05:00  INFO 30504 --- [budgetmanagementapi] [http-nio-8080-exec-7] c.v.b.services.TransactionServiceImpl    : Saving transaction: null
2025-02-01T00:36:33.113-05:00  INFO 30504 --- [budgetmanagementapi] [http-nio-8080-exec-2] c.v.b.services.TransactionServiceImpl    : Saving transaction: null
